<?xml version='1.0' encoding='UTF-8'?>
<testsuite hostname="Hanness-MacBook-Pro.local" name="lintilla.ExecTests" tests="47" errors="0" failures="0" skipped="0" time="0.241" timestamp="2019-11-05T17:30:36">
                     <properties>
[...]
</properties>
                     <testcase classname="lintilla.ExecTests" name="printing a constant integer gives the right output" time="0.027">
                                                 
                                               </testcase><testcase classname="lintilla.ExecTests" name="print constant integer gives the right translation" time="0.001">
                                                 
                                               </testcase><testcase classname="lintilla.ExecTests" name="printing a constant boolean gives the right output" time="0.002">
                                                 
                                               </testcase><testcase classname="lintilla.ExecTests" name="print constant boolean gives the right translation" time="0.001">
                                                 
                                               </testcase><testcase classname="lintilla.ExecTests" name="print simple addition expression" time="0.003">
                                                 
                                               </testcase><testcase classname="lintilla.ExecTests" name="print simple addition expression gives the right translation" time="0.001">
                                                 
                                               </testcase><testcase classname="lintilla.ExecTests" name="print simple multiplication expression" time="0.002">
                                                 
                                               </testcase><testcase classname="lintilla.ExecTests" name="print simple multiplication expression gives the right translation" time="0.001">
                                                 
                                               </testcase><testcase classname="lintilla.ExecTests" name="print simple subtraction expression" time="0.003">
                                                 
                                               </testcase><testcase classname="lintilla.ExecTests" name="print simple subtraction expression gives the right translation" time="0.001">
                                                 
                                               </testcase><testcase classname="lintilla.ExecTests" name="print simple division expression" time="0.002">
                                                 
                                               </testcase><testcase classname="lintilla.ExecTests" name="print simple division expression gives the right translation" time="0.001">
                                                 
                                               </testcase><testcase classname="lintilla.ExecTests" name="print simple negation expression" time="0.002">
                                                 
                                               </testcase><testcase classname="lintilla.ExecTests" name="print simple negation expression gives the right translation" time="0.001">
                                                 
                                               </testcase><testcase classname="lintilla.ExecTests" name="print simple equality expression" time="0.002">
                                                 
                                               </testcase><testcase classname="lintilla.ExecTests" name="print simple equality expression gives the right translation" time="0.001">
                                                 
                                               </testcase><testcase classname="lintilla.ExecTests" name="print simple less expression" time="0.002">
                                                 
                                               </testcase><testcase classname="lintilla.ExecTests" name="print simple less expression gives the right translation" time="0.001">
                                                 
                                               </testcase><testcase classname="lintilla.ExecTests" name="print more complex expression" time="0.003">
                                                 
                                               </testcase><testcase classname="lintilla.ExecTests" name="print more complex expression gives the right translation" time="0.001">
                                                 
                                               </testcase><testcase classname="lintilla.ExecTests" name="print more complex relational expression" time="0.004">
                                                 
                                               </testcase><testcase classname="lintilla.ExecTests" name="print more complex relational expression gives right translation" time="0.001">
                                                 
                                               </testcase><testcase classname="lintilla.ExecTests" name="block translates correctly" time="0.003">
                                                 
                                               </testcase><testcase classname="lintilla.ExecTests" name="nested block translates correctly" time="0.004">
                                                 
                                               </testcase><testcase classname="lintilla.ExecTests" name="let binding gives right translation" time="0.003">
                                                 
                                               </testcase><testcase classname="lintilla.ExecTests" name="let binding body extends to end of block only" time="0.004">
                                                 
                                               </testcase><testcase classname="lintilla.ExecTests" name="let binds variable in rest of block" time="0.005">
                                                 
                                               </testcase><testcase classname="lintilla.ExecTests" name="let binding in block correctly shadows outer binding" time="0.004">
                                                 
                                               </testcase><testcase classname="lintilla.ExecTests" name="simple `if` expression gives right translation" time="0.003">
                                                 
                                               </testcase><testcase classname="lintilla.ExecTests" name="simple `if` expression evaluation (condition true)" time="0.003">
                                                 
                                               </testcase><testcase classname="lintilla.ExecTests" name="simple `if` expression evaluation (condition false)" time="0.002">
                                                 
                                               </testcase><testcase classname="lintilla.ExecTests" name="`let` binding correctly scoped in then block" time="0.005">
                                                 
                                               </testcase><testcase classname="lintilla.ExecTests" name="`let` binding correctly scoped in else block" time="0.005">
                                                 
                                               </testcase><testcase classname="lintilla.ExecTests" name="`fn` binding gives correct translation" time="0.003">
                                                 
                                               </testcase><testcase classname="lintilla.ExecTests" name="`fn` binding extends to end of block only" time="0.003">
                                                 
                                               </testcase><testcase classname="lintilla.ExecTests" name="`fn` binding extends to end of block execution" time="0.004">
                                                 
                                               </testcase><testcase classname="lintilla.ExecTests" name="`fn` body with `let` binding translates correctly" time="0.004">
                                                 
                                               </testcase><testcase classname="lintilla.ExecTests" name="simple function application translation" time="0.003">
                                                 
                                               </testcase><testcase classname="lintilla.ExecTests" name="simple function application execution" time="0.001">
                                                 
                                               </testcase><testcase classname="lintilla.ExecTests" name="call a parameterless function" time="0.002">
                                                 
                                               </testcase><testcase classname="lintilla.ExecTests" name="call a three parameter function" time="0.003">
                                                 
                                               </testcase><testcase classname="lintilla.ExecTests" name="curried function call" time="0.005">
                                                 
                                               </testcase><testcase classname="lintilla.ExecTests" name="factorial example" time="0.015">
                                                 
                                               </testcase><testcase classname="lintilla.ExecTests" name="fibonacci example" time="0.013">
                                                 
                                               </testcase><testcase classname="lintilla.ExecTests" name="higher order example" time="0.025">
                                                 
                                               </testcase><testcase classname="lintilla.ExecTests" name="while loop example" time="0.014">
                                                 
                                               </testcase><testcase classname="lintilla.ExecTests" name="snippets example" time="0.042">
                                                 
                                               </testcase>
                     <system-out><![CDATA[]]></system-out>
                     <system-err><![CDATA[]]></system-err>
                   </testsuite>