INFO  time: initialize in 0.33s
WARN  no build target: /Users/hannesventer/OneDrive - Macquarie University/Uni Work/2019 S2/COMP332/Assignment 3/comp332_a3/src/main/scala/LintillaTree.scala
WARN  no build target: /Users/hannesventer/OneDrive - Macquarie University/Uni Work/2019 S2/COMP332/Assignment 3/comp332_a3/src/main/scala/Main.scala
INFO  no build target: using presentation compiler with only scala-library
WARN  no build target: /Users/hannesventer/OneDrive - Macquarie University/Uni Work/2019 S2/COMP332/Assignment 3/comp332_a3/src/main/scala/Translator.scala
WARN  no build target: /Users/hannesventer/OneDrive - Macquarie University/Uni Work/2019 S2/COMP332/Assignment 3/comp332_a3/src/main/scala/SyntaxAnalysis.scala
WARN  no build target: /Users/hannesventer/OneDrive - Macquarie University/Uni Work/2019 S2/COMP332/Assignment 3/comp332_a3/src/main/scala/SymbolTable.scala
WARN  no build target: /Users/hannesventer/OneDrive - Macquarie University/Uni Work/2019 S2/COMP332/Assignment 3/comp332_a3/src/test/scala/TypeAnalysisTests.scala
WARN  no build target: /Users/hannesventer/OneDrive - Macquarie University/Uni Work/2019 S2/COMP332/Assignment 3/comp332_a3/src/test/scala/SyntaxAnalysisTests.scala
WARN  no build target: /Users/hannesventer/OneDrive - Macquarie University/Uni Work/2019 S2/COMP332/Assignment 3/comp332_a3/src/test/scala/SemanticTests.scala
WARN  no build target: /Users/hannesventer/OneDrive - Macquarie University/Uni Work/2019 S2/COMP332/Assignment 3/comp332_a3/src/test/scala/NameAnalysisTests.scala
WARN  no build target: /Users/hannesventer/OneDrive - Macquarie University/Uni Work/2019 S2/COMP332/Assignment 3/comp332_a3/src/test/scala/ExecTests.scala
WARN  no build target: /Users/hannesventer/OneDrive - Macquarie University/Uni Work/2019 S2/COMP332/Assignment 3/comp332_a3/src/test/scala/TypeAnalysisTests.scala
WARN  no build target: /Users/hannesventer/OneDrive - Macquarie University/Uni Work/2019 S2/COMP332/Assignment 3/comp332_a3/src/test/scala/ExecTests.scala
WARN  no build target: /Users/hannesventer/OneDrive - Macquarie University/Uni Work/2019 S2/COMP332/Assignment 3/comp332_a3/src/main/scala/SemanticAnalysis.scala
WARN  no build target: /Users/hannesventer/OneDrive - Macquarie University/Uni Work/2019 S2/COMP332/Assignment 3/comp332_a3/src/main/scala/SymbolTable.scala
WARN  no build target: /Users/hannesventer/OneDrive - Macquarie University/Uni Work/2019 S2/COMP332/Assignment 3/comp332_a3/src/main/scala/SyntaxAnalysis.scala
WARN  no build target: /Users/hannesventer/OneDrive - Macquarie University/Uni Work/2019 S2/COMP332/Assignment 3/comp332_a3/src/main/scala/SymbolTable.scala
WARN  code navigation does not work for the file '/Users/hannesventer/OneDrive - Macquarie University/Uni Work/2019 S2/COMP332/Assignment 3/comp332_a3/src/main/scala/Translator.scala' because it doesn't belong to a build target.
WARN  code navigation does not work for the file '/Users/hannesventer/OneDrive - Macquarie University/Uni Work/2019 S2/COMP332/Assignment 3/comp332_a3/src/main/scala/Translator.scala' because it doesn't belong to a build target.
WARN  code navigation does not work for the file '/Users/hannesventer/OneDrive - Macquarie University/Uni Work/2019 S2/COMP332/Assignment 3/comp332_a3/src/main/scala/Translator.scala' because it doesn't belong to a build target.
WARN  code navigation does not work for the file '/Users/hannesventer/OneDrive - Macquarie University/Uni Work/2019 S2/COMP332/Assignment 3/comp332_a3/src/main/scala/Translator.scala' because it doesn't belong to a build target.
WARN  code navigation does not work for the file '/Users/hannesventer/OneDrive - Macquarie University/Uni Work/2019 S2/COMP332/Assignment 3/comp332_a3/src/main/scala/Translator.scala' because it doesn't belong to a build target.
WARN  code navigation does not work for the file '/Users/hannesventer/OneDrive - Macquarie University/Uni Work/2019 S2/COMP332/Assignment 3/comp332_a3/src/main/scala/Translator.scala' because it doesn't belong to a build target.
WARN  no build target: /Users/hannesventer/OneDrive - Macquarie University/Uni Work/2019 S2/COMP332/Assignment 3/comp332_a3/src/main/scala/SymbolTable.scala
WARN  no build target: /Users/hannesventer/OneDrive - Macquarie University/Uni Work/2019 S2/COMP332/Assignment 3/comp332_a3/src/main/scala/SECDMachine.scala
WARN  no build target: /Users/hannesventer/OneDrive - Macquarie University/Uni Work/2019 S2/COMP332/Assignment 3/comp332_a3/src/main/scala/SECDTree.scala
Nov 05, 2019 5:45:44 PM scala.meta.internal.pc.CompilerAccess handleError
SEVERE: String index out of range: -2
java.lang.StringIndexOutOfBoundsException: String index out of range: -2
	at java.lang.String.<init>(String.java:196)
	at scala.tools.nsc.interactive.Global.typeCompletions$1(Global.scala:1230)
	at scala.tools.nsc.interactive.Global.completionsAt(Global.scala:1253)
	at scala.meta.internal.pc.SignatureHelpProvider.$anonfun$treeSymbol$1(SignatureHelpProvider.scala:369)
	at scala.Option.map(Option.scala:230)
	at scala.meta.internal.pc.SignatureHelpProvider.treeSymbol(SignatureHelpProvider.scala:368)
	at scala.meta.internal.pc.SignatureHelpProvider$MethodCall$.unapply(SignatureHelpProvider.scala:197)
	at scala.meta.internal.pc.SignatureHelpProvider$MethodCallTraverser.visit(SignatureHelpProvider.scala:305)
	at scala.meta.internal.pc.SignatureHelpProvider$MethodCallTraverser.traverse(SignatureHelpProvider.scala:300)
	at scala.meta.internal.pc.SignatureHelpProvider$MethodCallTraverser.fromTree(SignatureHelpProvider.scala:269)
	at scala.meta.internal.pc.SignatureHelpProvider.signatureHelp(SignatureHelpProvider.scala:26)

WARN  no build target: /Users/hannesventer/OneDrive - Macquarie University/Uni Work/2019 S2/COMP332/Assignment 3/comp332_a3/src/main/scala/Translator.scala
WARN  code navigation does not work for the file '/Users/hannesventer/OneDrive - Macquarie University/Uni Work/2019 S2/COMP332/Assignment 3/comp332_a3/src/main/scala/Translator.scala' because it doesn't belong to a build target.
WARN  code navigation does not work for the file '/Users/hannesventer/OneDrive - Macquarie University/Uni Work/2019 S2/COMP332/Assignment 3/comp332_a3/src/main/scala/Translator.scala' because it doesn't belong to a build target.
WARN  no build target: /Users/hannesventer/OneDrive - Macquarie University/Uni Work/2019 S2/COMP332/Assignment 3/comp332_a3/src/main/scala/Translator.scala
WARN  no build target: /Users/hannesventer/OneDrive - Macquarie University/Uni Work/2019 S2/COMP332/Assignment 3/comp332_a3/src/main/scala/Translator.scala
WARN  code navigation does not work for the file '/Users/hannesventer/OneDrive - Macquarie University/Uni Work/2019 S2/COMP332/Assignment 3/comp332_a3/src/main/scala/Translator.scala' because it doesn't belong to a build target.
WARN  code navigation does not work for the file '/Users/hannesventer/OneDrive - Macquarie University/Uni Work/2019 S2/COMP332/Assignment 3/comp332_a3/src/main/scala/Translator.scala' because it doesn't belong to a build target.
WARN  no build target: /Users/hannesventer/OneDrive - Macquarie University/Uni Work/2019 S2/COMP332/Assignment 3/comp332_a3/src/main/scala/Translator.scala
INFO  shutting down Metals
INFO  time: initialize in 0.37s
INFO  skipping build import with status 'Requested'
WARN  no build target: /Users/hannesventer/OneDrive - Macquarie University/Uni Work/2019 S2/COMP332/Assignment 3/comp332_a3/src/main/scala/SyntaxAnalysis.scala
INFO  no build target: using presentation compiler with only scala-library
WARN  no build target: /Users/hannesventer/OneDrive - Macquarie University/Uni Work/2019 S2/COMP332/Assignment 3/comp332_a3/src/main/scala/Translator.scala
WARN  no build target: /Users/hannesventer/OneDrive - Macquarie University/Uni Work/2019 S2/COMP332/Assignment 3/comp332_a3/src/main/scala/SECDTree.scala
WARN  code navigation does not work for the file '/Users/hannesventer/OneDrive - Macquarie University/Uni Work/2019 S2/COMP332/Assignment 3/comp332_a3/src/main/scala/Translator.scala' because it doesn't belong to a build target.
WARN  code navigation does not work for the file '/Users/hannesventer/OneDrive - Macquarie University/Uni Work/2019 S2/COMP332/Assignment 3/comp332_a3/src/main/scala/Translator.scala' because it doesn't belong to a build target.
WARN  no build target: /Users/hannesventer/OneDrive - Macquarie University/Uni Work/2019 S2/COMP332/Assignment 3/comp332_a3/src/main/scala/Translator.scala
WARN  no build target: /Users/hannesventer/OneDrive - Macquarie University/Uni Work/2019 S2/COMP332/Assignment 3/comp332_a3/src/main/scala/Translator.scala
INFO  shutting down Metals
INFO  time: initialize in 0.5s
INFO  skipping build import with status 'Requested'
WARN  no build target: /Users/hannesventer/OneDrive - Macquarie University/Uni Work/2019 S2/COMP332/Assignment 3/comp332_a3/src/main/scala/Translator.scala
INFO  no build target: using presentation compiler with only scala-library
WARN  no build target: /Users/hannesventer/OneDrive - Macquarie University/Uni Work/2019 S2/COMP332/Assignment 3/comp332_a3/src/main/scala/LintillaTree.scala
WARN  no build target: /Users/hannesventer/OneDrive - Macquarie University/Uni Work/2019 S2/COMP332/Assignment 3/comp332_a3/src/main/scala/SyntaxAnalysis.scala
WARN  no build target: /Users/hannesventer/OneDrive - Macquarie University/Uni Work/2019 S2/COMP332/Assignment 3/comp332_a3/src/main/scala/Translator.scala
WARN  no build target: /Users/hannesventer/OneDrive - Macquarie University/Uni Work/2019 S2/COMP332/Assignment 3/comp332_a3/src/main/scala/SECDTree.scala
WARN  no build target: /Users/hannesventer/OneDrive - Macquarie University/Uni Work/2019 S2/COMP332/Assignment 3/comp332_a3/src/main/scala/Translator.scala
WARN  no build target: /Users/hannesventer/OneDrive - Macquarie University/Uni Work/2019 S2/COMP332/Assignment 3/comp332_a3/src/main/scala/Translator.scala
WARN  no build target: /Users/hannesventer/OneDrive - Macquarie University/Uni Work/2019 S2/COMP332/Assignment 3/comp332_a3/src/main/scala/Translator.scala
WARN  no build target: /Users/hannesventer/OneDrive - Macquarie University/Uni Work/2019 S2/COMP332/Assignment 3/comp332_a3/src/main/scala/Translator.scala
WARN  no build target: /Users/hannesventer/OneDrive - Macquarie University/Uni Work/2019 S2/COMP332/Assignment 3/comp332_a3/src/main/scala/Translator.scala
WARN  no build target: /Users/hannesventer/OneDrive - Macquarie University/Uni Work/2019 S2/COMP332/Assignment 3/comp332_a3/src/main/scala/Translator.scala
WARN  code navigation does not work for the file '/Users/hannesventer/OneDrive - Macquarie University/Uni Work/2019 S2/COMP332/Assignment 3/comp332_a3/src/main/scala/Translator.scala' because it doesn't belong to a build target.
WARN  code navigation does not work for the file '/Users/hannesventer/OneDrive - Macquarie University/Uni Work/2019 S2/COMP332/Assignment 3/comp332_a3/src/main/scala/Translator.scala' because it doesn't belong to a build target.
WARN  no build target: /Users/hannesventer/OneDrive - Macquarie University/Uni Work/2019 S2/COMP332/Assignment 3/comp332_a3/src/main/scala/Translator.scala
WARN  no build target: /Users/hannesventer/OneDrive - Macquarie University/Uni Work/2019 S2/COMP332/Assignment 3/comp332_a3/src/main/scala/Translator.scala
WARN  no build target: /Users/hannesventer/OneDrive - Macquarie University/Uni Work/2019 S2/COMP332/Assignment 3/comp332_a3/src/main/scala/Translator.scala
WARN  code navigation does not work for the file '/Users/hannesventer/OneDrive - Macquarie University/Uni Work/2019 S2/COMP332/Assignment 3/comp332_a3/src/main/scala/Translator.scala' because it doesn't belong to a build target.
WARN  code navigation does not work for the file '/Users/hannesventer/OneDrive - Macquarie University/Uni Work/2019 S2/COMP332/Assignment 3/comp332_a3/src/main/scala/Translator.scala' because it doesn't belong to a build target.
WARN  code navigation does not work for the file '/Users/hannesventer/OneDrive - Macquarie University/Uni Work/2019 S2/COMP332/Assignment 3/comp332_a3/src/main/scala/Translator.scala' because it doesn't belong to a build target.
WARN  code navigation does not work for the file '/Users/hannesventer/OneDrive - Macquarie University/Uni Work/2019 S2/COMP332/Assignment 3/comp332_a3/src/main/scala/Translator.scala' because it doesn't belong to a build target.
WARN  code navigation does not work for the file '/Users/hannesventer/OneDrive - Macquarie University/Uni Work/2019 S2/COMP332/Assignment 3/comp332_a3/src/main/scala/Translator.scala' because it doesn't belong to a build target.
WARN  code navigation does not work for the file '/Users/hannesventer/OneDrive - Macquarie University/Uni Work/2019 S2/COMP332/Assignment 3/comp332_a3/src/main/scala/Translator.scala' because it doesn't belong to a build target.
WARN  no build target: /Users/hannesventer/OneDrive - Macquarie University/Uni Work/2019 S2/COMP332/Assignment 3/comp332_a3/src/main/scala/Translator.scala
WARN  no build target: /Users/hannesventer/OneDrive - Macquarie University/Uni Work/2019 S2/COMP332/Assignment 3/comp332_a3/src/main/scala/Translator.scala
WARN  no build target: /Users/hannesventer/OneDrive - Macquarie University/Uni Work/2019 S2/COMP332/Assignment 3/comp332_a3/src/main/scala/Translator.scala
WARN  no build target: /Users/hannesventer/OneDrive - Macquarie University/Uni Work/2019 S2/COMP332/Assignment 3/comp332_a3/src/main/scala/Translator.scala
WARN  no build target: /Users/hannesventer/OneDrive - Macquarie University/Uni Work/2019 S2/COMP332/Assignment 3/comp332_a3/src/main/scala/Translator.scala
WARN  code navigation does not work for the file '/Users/hannesventer/OneDrive - Macquarie University/Uni Work/2019 S2/COMP332/Assignment 3/comp332_a3/src/main/scala/Translator.scala' because it doesn't belong to a build target.
WARN  code navigation does not work for the file '/Users/hannesventer/OneDrive - Macquarie University/Uni Work/2019 S2/COMP332/Assignment 3/comp332_a3/src/main/scala/Translator.scala' because it doesn't belong to a build target.
WARN  no build target: /Users/hannesventer/OneDrive - Macquarie University/Uni Work/2019 S2/COMP332/Assignment 3/comp332_a3/src/main/scala/Translator.scala
WARN  code navigation does not work for the file '/Users/hannesventer/OneDrive - Macquarie University/Uni Work/2019 S2/COMP332/Assignment 3/comp332_a3/src/main/scala/Translator.scala' because it doesn't belong to a build target.
WARN  code navigation does not work for the file '/Users/hannesventer/OneDrive - Macquarie University/Uni Work/2019 S2/COMP332/Assignment 3/comp332_a3/src/main/scala/Translator.scala' because it doesn't belong to a build target.
WARN  no build target: /Users/hannesventer/OneDrive - Macquarie University/Uni Work/2019 S2/COMP332/Assignment 3/comp332_a3/src/main/scala/Translator.scala
WARN  no build target: /Users/hannesventer/OneDrive - Macquarie University/Uni Work/2019 S2/COMP332/Assignment 3/comp332_a3/src/main/scala/Translator.scala
WARN  no build target: /Users/hannesventer/OneDrive - Macquarie University/Uni Work/2019 S2/COMP332/Assignment 3/comp332_a3/src/main/scala/Translator.scala
WARN  no build target: /Users/hannesventer/OneDrive - Macquarie University/Uni Work/2019 S2/COMP332/Assignment 3/comp332_a3/src/main/scala/Translator.scala
WARN  no build target: /Users/hannesventer/OneDrive - Macquarie University/Uni Work/2019 S2/COMP332/Assignment 3/comp332_a3/src/main/scala/Translator.scala
WARN  no build target: /Users/hannesventer/OneDrive - Macquarie University/Uni Work/2019 S2/COMP332/Assignment 3/comp332_a3/src/main/scala/Translator.scala
WARN  code navigation does not work for the file '/Users/hannesventer/OneDrive - Macquarie University/Uni Work/2019 S2/COMP332/Assignment 3/comp332_a3/src/main/scala/Translator.scala' because it doesn't belong to a build target.
WARN  code navigation does not work for the file '/Users/hannesventer/OneDrive - Macquarie University/Uni Work/2019 S2/COMP332/Assignment 3/comp332_a3/src/main/scala/Translator.scala' because it doesn't belong to a build target.
WARN  code navigation does not work for the file '/Users/hannesventer/OneDrive - Macquarie University/Uni Work/2019 S2/COMP332/Assignment 3/comp332_a3/src/main/scala/Translator.scala' because it doesn't belong to a build target.
WARN  code navigation does not work for the file '/Users/hannesventer/OneDrive - Macquarie University/Uni Work/2019 S2/COMP332/Assignment 3/comp332_a3/src/main/scala/Translator.scala' because it doesn't belong to a build target.
WARN  code navigation does not work for the file '/Users/hannesventer/OneDrive - Macquarie University/Uni Work/2019 S2/COMP332/Assignment 3/comp332_a3/src/main/scala/Translator.scala' because it doesn't belong to a build target.
WARN  code navigation does not work for the file '/Users/hannesventer/OneDrive - Macquarie University/Uni Work/2019 S2/COMP332/Assignment 3/comp332_a3/src/main/scala/Translator.scala' because it doesn't belong to a build target.
WARN  no build target: /Users/hannesventer/OneDrive - Macquarie University/Uni Work/2019 S2/COMP332/Assignment 3/comp332_a3/src/main/scala/Translator.scala
WARN  no build target: /Users/hannesventer/OneDrive - Macquarie University/Uni Work/2019 S2/COMP332/Assignment 3/comp332_a3/src/main/scala/Translator.scala
WARN  no build target: /Users/hannesventer/OneDrive - Macquarie University/Uni Work/2019 S2/COMP332/Assignment 3/comp332_a3/src/main/scala/Translator.scala
WARN  code navigation does not work for the file '/Users/hannesventer/OneDrive - Macquarie University/Uni Work/2019 S2/COMP332/Assignment 3/comp332_a3/src/main/scala/Translator.scala' because it doesn't belong to a build target.
WARN  code navigation does not work for the file '/Users/hannesventer/OneDrive - Macquarie University/Uni Work/2019 S2/COMP332/Assignment 3/comp332_a3/src/main/scala/Translator.scala' because it doesn't belong to a build target.
WARN  code navigation does not work for the file '/Users/hannesventer/OneDrive - Macquarie University/Uni Work/2019 S2/COMP332/Assignment 3/comp332_a3/src/main/scala/Translator.scala' because it doesn't belong to a build target.
WARN  code navigation does not work for the file '/Users/hannesventer/OneDrive - Macquarie University/Uni Work/2019 S2/COMP332/Assignment 3/comp332_a3/src/main/scala/Translator.scala' because it doesn't belong to a build target.
WARN  no build target: /Users/hannesventer/OneDrive - Macquarie University/Uni Work/2019 S2/COMP332/Assignment 3/comp332_a3/src/main/scala/Translator.scala
WARN  no build target: /Users/hannesventer/OneDrive - Macquarie University/Uni Work/2019 S2/COMP332/Assignment 3/comp332_a3/src/main/scala/Translator.scala
WARN  no build target: /Users/hannesventer/OneDrive - Macquarie University/Uni Work/2019 S2/COMP332/Assignment 3/comp332_a3/src/main/scala/Translator.scala
WARN  code navigation does not work for the file '/Users/hannesventer/OneDrive - Macquarie University/Uni Work/2019 S2/COMP332/Assignment 3/comp332_a3/src/main/scala/Translator.scala' because it doesn't belong to a build target.
WARN  code navigation does not work for the file '/Users/hannesventer/OneDrive - Macquarie University/Uni Work/2019 S2/COMP332/Assignment 3/comp332_a3/src/main/scala/Translator.scala' because it doesn't belong to a build target.
WARN  no build target: /Users/hannesventer/OneDrive - Macquarie University/Uni Work/2019 S2/COMP332/Assignment 3/comp332_a3/src/main/scala/Translator.scala
WARN  no build target: /Users/hannesventer/OneDrive - Macquarie University/Uni Work/2019 S2/COMP332/Assignment 3/comp332_a3/src/main/scala/SECDMachine.scala
WARN  no build target: /Users/hannesventer/OneDrive - Macquarie University/Uni Work/2019 S2/COMP332/Assignment 3/comp332_a3/src/main/scala/Translator.scala
WARN  no build target: /Users/hannesventer/OneDrive - Macquarie University/Uni Work/2019 S2/COMP332/Assignment 3/comp332_a3/src/main/scala/Translator.scala
INFO  shutting down Metals
INFO  time: initialize in 0.45s
INFO  skipping build import with status 'Requested'
WARN  no build target: /Users/hannesventer/OneDrive - Macquarie University/Uni Work/2019 S2/COMP332/Assignment 3/comp332_a3/src/main/scala/Translator.scala
WARN  no build target: /Users/hannesventer/OneDrive - Macquarie University/Uni Work/2019 S2/COMP332/Assignment 3/comp332_a3/src/main/scala/SECDTree.scala
INFO  no build target: using presentation compiler with only scala-library
WARN  no build target: /Users/hannesventer/OneDrive - Macquarie University/Uni Work/2019 S2/COMP332/Assignment 3/comp332_a3/src/main/scala/Translator.scala
WARN  no build target: /Users/hannesventer/OneDrive - Macquarie University/Uni Work/2019 S2/COMP332/Assignment 3/comp332_a3/src/main/scala/LintillaTree.scala
WARN  code navigation does not work for the file '/Users/hannesventer/OneDrive - Macquarie University/Uni Work/2019 S2/COMP332/Assignment 3/comp332_a3/src/main/scala/Translator.scala' because it doesn't belong to a build target.
WARN  code navigation does not work for the file '/Users/hannesventer/OneDrive - Macquarie University/Uni Work/2019 S2/COMP332/Assignment 3/comp332_a3/src/main/scala/Translator.scala' because it doesn't belong to a build target.
WARN  no build target: /Users/hannesventer/OneDrive - Macquarie University/Uni Work/2019 S2/COMP332/Assignment 3/comp332_a3/src/main/scala/Translator.scala
WARN  no build target: /Users/hannesventer/OneDrive - Macquarie University/Uni Work/2019 S2/COMP332/Assignment 3/comp332_a3/src/main/scala/Translator.scala
WARN  no build target: /Users/hannesventer/OneDrive - Macquarie University/Uni Work/2019 S2/COMP332/Assignment 3/comp332_a3/src/main/scala/Translator.scala
WARN  no build target: /Users/hannesventer/OneDrive - Macquarie University/Uni Work/2019 S2/COMP332/Assignment 3/comp332_a3/src/main/scala/Translator.scala
WARN  no build target: /Users/hannesventer/OneDrive - Macquarie University/Uni Work/2019 S2/COMP332/Assignment 3/comp332_a3/src/main/scala/Translator.scala
WARN  no build target: /Users/hannesventer/OneDrive - Macquarie University/Uni Work/2019 S2/COMP332/Assignment 3/comp332_a3/src/main/scala/Translator.scala
something's wrong: no file:///Users/hannesventer/OneDrive%20-%20Macquarie%20University/Uni%20Work/2019%20S2/COMP332/Assignment%203/comp332_a3/src/main/scala/LintillaTree.scala in Option[lintilla.LintillaTree.Expression]RangePosition(file:///Users/hannesventer/OneDrive%20-%20Macquarie%20University/Uni%20Work/2019%20S2/COMP332/Assignment%203/comp332_a3/src/main/scala/LintillaTree.scala, 2420, 2420, 2438)
WARN  no build target: /Users/hannesventer/OneDrive - Macquarie University/Uni Work/2019 S2/COMP332/Assignment 3/comp332_a3/src/main/scala/Translator.scala
WARN  code navigation does not work for the file '/Users/hannesventer/OneDrive - Macquarie University/Uni Work/2019 S2/COMP332/Assignment 3/comp332_a3/src/main/scala/Translator.scala' because it doesn't belong to a build target.
WARN  code navigation does not work for the file '/Users/hannesventer/OneDrive - Macquarie University/Uni Work/2019 S2/COMP332/Assignment 3/comp332_a3/src/main/scala/Translator.scala' because it doesn't belong to a build target.
WARN  no build target: /Users/hannesventer/OneDrive - Macquarie University/Uni Work/2019 S2/COMP332/Assignment 3/comp332_a3/src/main/scala/Translator.scala
WARN  code navigation does not work for the file '/Users/hannesventer/OneDrive - Macquarie University/Uni Work/2019 S2/COMP332/Assignment 3/comp332_a3/src/main/scala/Translator.scala' because it doesn't belong to a build target.
WARN  code navigation does not work for the file '/Users/hannesventer/OneDrive - Macquarie University/Uni Work/2019 S2/COMP332/Assignment 3/comp332_a3/src/main/scala/Translator.scala' because it doesn't belong to a build target.
WARN  code navigation does not work for the file '/Users/hannesventer/OneDrive - Macquarie University/Uni Work/2019 S2/COMP332/Assignment 3/comp332_a3/src/main/scala/Translator.scala' because it doesn't belong to a build target.
WARN  code navigation does not work for the file '/Users/hannesventer/OneDrive - Macquarie University/Uni Work/2019 S2/COMP332/Assignment 3/comp332_a3/src/main/scala/Translator.scala' because it doesn't belong to a build target.
WARN  no build target: /Users/hannesventer/OneDrive - Macquarie University/Uni Work/2019 S2/COMP332/Assignment 3/comp332_a3/src/main/scala/Translator.scala
WARN  no build target: /Users/hannesventer/OneDrive - Macquarie University/Uni Work/2019 S2/COMP332/Assignment 3/comp332_a3/src/main/scala/Translator.scala
WARN  code navigation does not work for the file '/Users/hannesventer/OneDrive - Macquarie University/Uni Work/2019 S2/COMP332/Assignment 3/comp332_a3/src/main/scala/Translator.scala' because it doesn't belong to a build target.
WARN  code navigation does not work for the file '/Users/hannesventer/OneDrive - Macquarie University/Uni Work/2019 S2/COMP332/Assignment 3/comp332_a3/src/main/scala/Translator.scala' because it doesn't belong to a build target.
WARN  no build target: /Users/hannesventer/OneDrive - Macquarie University/Uni Work/2019 S2/COMP332/Assignment 3/comp332_a3/src/main/scala/Translator.scala
WARN  code navigation does not work for the file '/Users/hannesventer/OneDrive - Macquarie University/Uni Work/2019 S2/COMP332/Assignment 3/comp332_a3/src/main/scala/Translator.scala' because it doesn't belong to a build target.
WARN  code navigation does not work for the file '/Users/hannesventer/OneDrive - Macquarie University/Uni Work/2019 S2/COMP332/Assignment 3/comp332_a3/src/main/scala/Translator.scala' because it doesn't belong to a build target.
WARN  no build target: /Users/hannesventer/OneDrive - Macquarie University/Uni Work/2019 S2/COMP332/Assignment 3/comp332_a3/src/main/scala/Translator.scala
WARN  no build target: /Users/hannesventer/OneDrive - Macquarie University/Uni Work/2019 S2/COMP332/Assignment 3/comp332_a3/src/main/scala/Translator.scala
WARN  no build target: /Users/hannesventer/OneDrive - Macquarie University/Uni Work/2019 S2/COMP332/Assignment 3/comp332_a3/src/main/scala/Translator.scala
WARN  no build target: /Users/hannesventer/OneDrive - Macquarie University/Uni Work/2019 S2/COMP332/Assignment 3/comp332_a3/src/main/scala/Translator.scala
Nov 08, 2019 9:57:18 AM org.eclipse.lsp4j.jsonrpc.RemoteEndpoint handleCancellation
WARNING: Unmatched cancel notification for request id 578
Nov 08, 2019 9:57:18 AM scala.meta.internal.pc.CompilerAccess handleError
SEVERE: null
java.lang.NullPointerException
	at scala.meta.internal.pc.HoverProvider.seenFromType(HoverProvider.scala:106)
	at scala.meta.internal.pc.HoverProvider.hover(HoverProvider.scala:42)

WARN  no build target: /Users/hannesventer/OneDrive - Macquarie University/Uni Work/2019 S2/COMP332/Assignment 3/comp332_a3/src/main/scala/Translator.scala
Nov 08, 2019 9:58:36 AM scala.meta.internal.pc.CompilerAccess handleError
SEVERE: null
java.lang.NullPointerException
	at scala.meta.internal.pc.HoverProvider.seenFromType(HoverProvider.scala:106)
	at scala.meta.internal.pc.HoverProvider.hover(HoverProvider.scala:42)

WARN  no build target: /Users/hannesventer/OneDrive - Macquarie University/Uni Work/2019 S2/COMP332/Assignment 3/comp332_a3/src/main/scala/Translator.scala
WARN  no build target: /Users/hannesventer/OneDrive - Macquarie University/Uni Work/2019 S2/COMP332/Assignment 3/comp332_a3/src/main/scala/Translator.scala
WARN  no build target: /Users/hannesventer/OneDrive - Macquarie University/Uni Work/2019 S2/COMP332/Assignment 3/comp332_a3/src/main/scala/Translator.scala
WARN  no build target: /Users/hannesventer/OneDrive - Macquarie University/Uni Work/2019 S2/COMP332/Assignment 3/comp332_a3/src/main/scala/Translator.scala
WARN  no build target: /Users/hannesventer/OneDrive - Macquarie University/Uni Work/2019 S2/COMP332/Assignment 3/comp332_a3/src/main/scala/Translator.scala
WARN  no build target: /Users/hannesventer/OneDrive - Macquarie University/Uni Work/2019 S2/COMP332/Assignment 3/comp332_a3/src/main/scala/Translator.scala
WARN  no build target: /Users/hannesventer/OneDrive - Macquarie University/Uni Work/2019 S2/COMP332/Assignment 3/comp332_a3/src/main/scala/Translator.scala
WARN  no build target: /Users/hannesventer/OneDrive - Macquarie University/Uni Work/2019 S2/COMP332/Assignment 3/comp332_a3/src/main/scala/Translator.scala
WARN  no build target: /Users/hannesventer/OneDrive - Macquarie University/Uni Work/2019 S2/COMP332/Assignment 3/comp332_a3/src/main/scala/Translator.scala
WARN  code navigation does not work for the file '/Users/hannesventer/OneDrive - Macquarie University/Uni Work/2019 S2/COMP332/Assignment 3/comp332_a3/src/main/scala/Translator.scala' because it doesn't belong to a build target.
WARN  code navigation does not work for the file '/Users/hannesventer/OneDrive - Macquarie University/Uni Work/2019 S2/COMP332/Assignment 3/comp332_a3/src/main/scala/Translator.scala' because it doesn't belong to a build target.
WARN  no build target: /Users/hannesventer/OneDrive - Macquarie University/Uni Work/2019 S2/COMP332/Assignment 3/comp332_a3/src/main/scala/Translator.scala
WARN  no build target: /Users/hannesventer/OneDrive - Macquarie University/Uni Work/2019 S2/COMP332/Assignment 3/comp332_a3/src/main/scala/Translator.scala
INFO  shutting down Metals
INFO  time: initialize in 0.42s
INFO  skipping build import with status 'Requested'
WARN  no build target: /Users/hannesventer/OneDrive - Macquarie University/Uni Work/2019 S2/COMP332/Assignment 3/comp332_a3/src/main/scala/Translator.scala
WARN  no build target: /Users/hannesventer/OneDrive - Macquarie University/Uni Work/2019 S2/COMP332/Assignment 3/comp332_a3/src/main/scala/SECDTree.scala
WARN  no build target: /Users/hannesventer/OneDrive - Macquarie University/Uni Work/2019 S2/COMP332/Assignment 3/comp332_a3/src/main/scala/Translator.scala
WARN  no build target: /Users/hannesventer/OneDrive - Macquarie University/Uni Work/2019 S2/COMP332/Assignment 3/comp332_a3/src/main/scala/Translator.scala
INFO  no build target: using presentation compiler with only scala-library
WARN  no build target: /Users/hannesventer/OneDrive - Macquarie University/Uni Work/2019 S2/COMP332/Assignment 3/comp332_a3/src/main/scala/Translator.scala
WARN  no build target: /Users/hannesventer/OneDrive - Macquarie University/Uni Work/2019 S2/COMP332/Assignment 3/comp332_a3/src/main/scala/Translator.scala
WARN  no build target: /Users/hannesventer/OneDrive - Macquarie University/Uni Work/2019 S2/COMP332/Assignment 3/comp332_a3/src/main/scala/Translator.scala
WARN  no build target: /Users/hannesventer/OneDrive - Macquarie University/Uni Work/2019 S2/COMP332/Assignment 3/comp332_a3/src/main/scala/Translator.scala
WARN  no build target: /Users/hannesventer/OneDrive - Macquarie University/Uni Work/2019 S2/COMP332/Assignment 3/comp332_a3/src/main/scala/Translator.scala
WARN  code navigation does not work for the file '/Users/hannesventer/OneDrive - Macquarie University/Uni Work/2019 S2/COMP332/Assignment 3/comp332_a3/src/main/scala/Translator.scala' because it doesn't belong to a build target.
WARN  code navigation does not work for the file '/Users/hannesventer/OneDrive - Macquarie University/Uni Work/2019 S2/COMP332/Assignment 3/comp332_a3/src/main/scala/Translator.scala' because it doesn't belong to a build target.
WARN  no build target: /Users/hannesventer/OneDrive - Macquarie University/Uni Work/2019 S2/COMP332/Assignment 3/comp332_a3/src/main/scala/Translator.scala
WARN  no build target: /Users/hannesventer/OneDrive - Macquarie University/Uni Work/2019 S2/COMP332/Assignment 3/comp332_a3/src/main/scala/Translator.scala
WARN  no build target: /Users/hannesventer/OneDrive - Macquarie University/Uni Work/2019 S2/COMP332/Assignment 3/comp332_a3/src/main/scala/Translator.scala
WARN  no build target: /Users/hannesventer/OneDrive - Macquarie University/Uni Work/2019 S2/COMP332/Assignment 3/comp332_a3/src/main/scala/Translator.scala
Nov 08, 2019 10:21:12 AM org.eclipse.lsp4j.jsonrpc.RemoteEndpoint handleCancellation
WARNING: Unmatched cancel notification for request id 179
WARN  no build target: /Users/hannesventer/OneDrive - Macquarie University/Uni Work/2019 S2/COMP332/Assignment 3/comp332_a3/src/main/scala/Translator.scala
WARN  no build target: /Users/hannesventer/OneDrive - Macquarie University/Uni Work/2019 S2/COMP332/Assignment 3/comp332_a3/src/main/scala/Translator.scala
something's wrong: no file:///Users/hannesventer/OneDrive%20-%20Macquarie%20University/Uni%20Work/2019%20S2/COMP332/Assignment%203/comp332_a3/src/main/scala/SECDTree.scala in List[lintilla.SECDTree.Name]RangePosition(file:///Users/hannesventer/OneDrive%20-%20Macquarie%20University/Uni%20Work/2019%20S2/COMP332/Assignment%203/comp332_a3/src/main/scala/SECDTree.scala, 2598, 2598, 2608)
WARN  no build target: /Users/hannesventer/OneDrive - Macquarie University/Uni Work/2019 S2/COMP332/Assignment 3/comp332_a3/src/main/scala/Translator.scala
WARN  code navigation does not work for the file '/Users/hannesventer/OneDrive - Macquarie University/Uni Work/2019 S2/COMP332/Assignment 3/comp332_a3/src/main/scala/Translator.scala' because it doesn't belong to a build target.
WARN  code navigation does not work for the file '/Users/hannesventer/OneDrive - Macquarie University/Uni Work/2019 S2/COMP332/Assignment 3/comp332_a3/src/main/scala/Translator.scala' because it doesn't belong to a build target.
WARN  no build target: /Users/hannesventer/OneDrive - Macquarie University/Uni Work/2019 S2/COMP332/Assignment 3/comp332_a3/src/main/scala/Translator.scala
WARN  no build target: /Users/hannesventer/OneDrive - Macquarie University/Uni Work/2019 S2/COMP332/Assignment 3/comp332_a3/src/main/scala/SECDMachine.scala
WARN  no build target: /Users/hannesventer/OneDrive - Macquarie University/Uni Work/2019 S2/COMP332/Assignment 3/comp332_a3/src/main/scala/LintillaTree.scala
WARN  no build target: /Users/hannesventer/OneDrive - Macquarie University/Uni Work/2019 S2/COMP332/Assignment 3/comp332_a3/src/main/scala/SyntaxAnalysis.scala
WARN  no build target: /Users/hannesventer/OneDrive - Macquarie University/Uni Work/2019 S2/COMP332/Assignment 3/comp332_a3/src/test/scala/ExecTests.scala
WARN  no build target: /Users/hannesventer/OneDrive - Macquarie University/Uni Work/2019 S2/COMP332/Assignment 3/comp332_a3/src/main/scala/Translator.scala
WARN  code navigation does not work for the file '/Users/hannesventer/OneDrive - Macquarie University/Uni Work/2019 S2/COMP332/Assignment 3/comp332_a3/src/test/scala/ExecTests.scala' because it doesn't belong to a build target.
WARN  code navigation does not work for the file '/Users/hannesventer/OneDrive - Macquarie University/Uni Work/2019 S2/COMP332/Assignment 3/comp332_a3/src/test/scala/ExecTests.scala' because it doesn't belong to a build target.
WARN  no build target: /Users/hannesventer/OneDrive - Macquarie University/Uni Work/2019 S2/COMP332/Assignment 3/comp332_a3/src/test/scala/ExecTests.scala
WARN  no build target: /Users/hannesventer/OneDrive - Macquarie University/Uni Work/2019 S2/COMP332/Assignment 3/comp332_a3/src/test/scala/TypeAnalysisTests.scala
WARN  no build target: /Users/hannesventer/OneDrive - Macquarie University/Uni Work/2019 S2/COMP332/Assignment 3/comp332_a3/src/test/scala/ExecTests.scala
WARN  no build target: /Users/hannesventer/OneDrive - Macquarie University/Uni Work/2019 S2/COMP332/Assignment 3/comp332_a3/src/test/scala/ExecTests.scala
WARN  no build target: /Users/hannesventer/OneDrive - Macquarie University/Uni Work/2019 S2/COMP332/Assignment 3/comp332_a3/src/test/scala/ExecTests.scala
WARN  no build target: /Users/hannesventer/OneDrive - Macquarie University/Uni Work/2019 S2/COMP332/Assignment 3/comp332_a3/src/test/scala/ExecTests.scala
WARN  no build target: /Users/hannesventer/OneDrive - Macquarie University/Uni Work/2019 S2/COMP332/Assignment 3/comp332_a3/src/test/scala/ExecTests.scala
WARN  no build target: /Users/hannesventer/OneDrive - Macquarie University/Uni Work/2019 S2/COMP332/Assignment 3/comp332_a3/src/test/scala/ExecTests.scala
Nov 08, 2019 11:37:04 AM org.eclipse.lsp4j.jsonrpc.RemoteEndpoint handleCancellation
WARNING: Unmatched cancel notification for request id 953
WARN  no build target: /Users/hannesventer/OneDrive - Macquarie University/Uni Work/2019 S2/COMP332/Assignment 3/comp332_a3/src/test/scala/ExecTests.scala
WARN  no build target: /Users/hannesventer/OneDrive - Macquarie University/Uni Work/2019 S2/COMP332/Assignment 3/comp332_a3/src/test/scala/ExecTests.scala
WARN  code navigation does not work for the file '/Users/hannesventer/OneDrive - Macquarie University/Uni Work/2019 S2/COMP332/Assignment 3/comp332_a3/src/test/scala/ExecTests.scala' because it doesn't belong to a build target.
WARN  code navigation does not work for the file '/Users/hannesventer/OneDrive - Macquarie University/Uni Work/2019 S2/COMP332/Assignment 3/comp332_a3/src/test/scala/ExecTests.scala' because it doesn't belong to a build target.
WARN  code navigation does not work for the file '/Users/hannesventer/OneDrive - Macquarie University/Uni Work/2019 S2/COMP332/Assignment 3/comp332_a3/src/test/scala/ExecTests.scala' because it doesn't belong to a build target.
WARN  code navigation does not work for the file '/Users/hannesventer/OneDrive - Macquarie University/Uni Work/2019 S2/COMP332/Assignment 3/comp332_a3/src/test/scala/ExecTests.scala' because it doesn't belong to a build target.
WARN  no build target: /Users/hannesventer/OneDrive - Macquarie University/Uni Work/2019 S2/COMP332/Assignment 3/comp332_a3/src/test/scala/ExecTests.scala
WARN  no build target: /Users/hannesventer/OneDrive - Macquarie University/Uni Work/2019 S2/COMP332/Assignment 3/comp332_a3/src/test/scala/ExecTests.scala
WARN  no build target: /Users/hannesventer/OneDrive - Macquarie University/Uni Work/2019 S2/COMP332/Assignment 3/comp332_a3/src/test/scala/ExecTests.scala
WARN  no build target: /Users/hannesventer/OneDrive - Macquarie University/Uni Work/2019 S2/COMP332/Assignment 3/comp332_a3/src/test/scala/ExecTests.scala
WARN  no build target: /Users/hannesventer/OneDrive - Macquarie University/Uni Work/2019 S2/COMP332/Assignment 3/comp332_a3/src/test/scala/ExecTests.scala
WARN  no build target: /Users/hannesventer/OneDrive - Macquarie University/Uni Work/2019 S2/COMP332/Assignment 3/comp332_a3/src/test/scala/ExecTests.scala
WARN  no build target: /Users/hannesventer/OneDrive - Macquarie University/Uni Work/2019 S2/COMP332/Assignment 3/comp332_a3/src/test/scala/ExecTests.scala
WARN  no build target: /Users/hannesventer/OneDrive - Macquarie University/Uni Work/2019 S2/COMP332/Assignment 3/comp332_a3/src/test/scala/ExecTests.scala
WARN  code navigation does not work for the file '/Users/hannesventer/OneDrive - Macquarie University/Uni Work/2019 S2/COMP332/Assignment 3/comp332_a3/src/test/scala/ExecTests.scala' because it doesn't belong to a build target.
WARN  code navigation does not work for the file '/Users/hannesventer/OneDrive - Macquarie University/Uni Work/2019 S2/COMP332/Assignment 3/comp332_a3/src/test/scala/ExecTests.scala' because it doesn't belong to a build target.
WARN  no build target: /Users/hannesventer/OneDrive - Macquarie University/Uni Work/2019 S2/COMP332/Assignment 3/comp332_a3/src/test/scala/ExecTests.scala
WARN  no build target: /Users/hannesventer/OneDrive - Macquarie University/Uni Work/2019 S2/COMP332/Assignment 3/comp332_a3/src/test/scala/ExecTests.scala
WARN  no build target: /Users/hannesventer/OneDrive - Macquarie University/Uni Work/2019 S2/COMP332/Assignment 3/comp332_a3/src/test/scala/ExecTests.scala
WARN  no build target: /Users/hannesventer/OneDrive - Macquarie University/Uni Work/2019 S2/COMP332/Assignment 3/comp332_a3/src/test/scala/ExecTests.scala
WARN  no build target: /Users/hannesventer/OneDrive - Macquarie University/Uni Work/2019 S2/COMP332/Assignment 3/comp332_a3/src/test/scala/ExecTests.scala
WARN  no build target: /Users/hannesventer/OneDrive - Macquarie University/Uni Work/2019 S2/COMP332/Assignment 3/comp332_a3/src/test/scala/ExecTests.scala
WARN  no build target: /Users/hannesventer/OneDrive - Macquarie University/Uni Work/2019 S2/COMP332/Assignment 3/comp332_a3/src/test/scala/ExecTests.scala
WARN  no build target: /Users/hannesventer/OneDrive - Macquarie University/Uni Work/2019 S2/COMP332/Assignment 3/comp332_a3/src/test/scala/ExecTests.scala
WARN  no build target: /Users/hannesventer/OneDrive - Macquarie University/Uni Work/2019 S2/COMP332/Assignment 3/comp332_a3/src/test/scala/ExecTests.scala
WARN  no build target: /Users/hannesventer/OneDrive - Macquarie University/Uni Work/2019 S2/COMP332/Assignment 3/comp332_a3/src/test/scala/ExecTests.scala
Nov 08, 2019 12:04:43 PM org.eclipse.lsp4j.jsonrpc.RemoteEndpoint handleCancellation
WARNING: Unmatched cancel notification for request id 1853
Nov 08, 2019 12:05:36 PM org.eclipse.lsp4j.jsonrpc.RemoteEndpoint handleCancellation
WARNING: Unmatched cancel notification for request id 1974
WARN  no build target: /Users/hannesventer/OneDrive - Macquarie University/Uni Work/2019 S2/COMP332/Assignment 3/comp332_a3/src/test/scala/ExecTests.scala
WARN  no build target: /Users/hannesventer/OneDrive - Macquarie University/Uni Work/2019 S2/COMP332/Assignment 3/comp332_a3/src/test/scala/ExecTests.scala
WARN  code navigation does not work for the file '/Users/hannesventer/OneDrive - Macquarie University/Uni Work/2019 S2/COMP332/Assignment 3/comp332_a3/src/test/scala/ExecTests.scala' because it doesn't belong to a build target.
WARN  code navigation does not work for the file '/Users/hannesventer/OneDrive - Macquarie University/Uni Work/2019 S2/COMP332/Assignment 3/comp332_a3/src/test/scala/ExecTests.scala' because it doesn't belong to a build target.
WARN  no build target: /Users/hannesventer/OneDrive - Macquarie University/Uni Work/2019 S2/COMP332/Assignment 3/comp332_a3/src/test/scala/ExecTests.scala
WARN  code navigation does not work for the file '/Users/hannesventer/OneDrive - Macquarie University/Uni Work/2019 S2/COMP332/Assignment 3/comp332_a3/src/test/scala/ExecTests.scala' because it doesn't belong to a build target.
WARN  code navigation does not work for the file '/Users/hannesventer/OneDrive - Macquarie University/Uni Work/2019 S2/COMP332/Assignment 3/comp332_a3/src/test/scala/ExecTests.scala' because it doesn't belong to a build target.
WARN  code navigation does not work for the file '/Users/hannesventer/OneDrive - Macquarie University/Uni Work/2019 S2/COMP332/Assignment 3/comp332_a3/src/test/scala/ExecTests.scala' because it doesn't belong to a build target.
WARN  code navigation does not work for the file '/Users/hannesventer/OneDrive - Macquarie University/Uni Work/2019 S2/COMP332/Assignment 3/comp332_a3/src/test/scala/ExecTests.scala' because it doesn't belong to a build target.
WARN  no build target: /Users/hannesventer/OneDrive - Macquarie University/Uni Work/2019 S2/COMP332/Assignment 3/comp332_a3/src/test/scala/ExecTests.scala
WARN  no build target: /Users/hannesventer/OneDrive - Macquarie University/Uni Work/2019 S2/COMP332/Assignment 3/comp332_a3/src/test/scala/ExecTests.scala
WARN  no build target: /Users/hannesventer/OneDrive - Macquarie University/Uni Work/2019 S2/COMP332/Assignment 3/comp332_a3/src/test/scala/ExecTests.scala
WARN  no build target: /Users/hannesventer/OneDrive - Macquarie University/Uni Work/2019 S2/COMP332/Assignment 3/comp332_a3/src/test/scala/ExecTests.scala
WARN  code navigation does not work for the file '/Users/hannesventer/OneDrive - Macquarie University/Uni Work/2019 S2/COMP332/Assignment 3/comp332_a3/src/test/scala/ExecTests.scala' because it doesn't belong to a build target.
WARN  code navigation does not work for the file '/Users/hannesventer/OneDrive - Macquarie University/Uni Work/2019 S2/COMP332/Assignment 3/comp332_a3/src/test/scala/ExecTests.scala' because it doesn't belong to a build target.
WARN  no build target: /Users/hannesventer/OneDrive - Macquarie University/Uni Work/2019 S2/COMP332/Assignment 3/comp332_a3/src/test/scala/ExecTests.scala
WARN  no build target: /Users/hannesventer/OneDrive - Macquarie University/Uni Work/2019 S2/COMP332/Assignment 3/comp332_a3/src/test/scala/ExecTests.scala
WARN  no build target: /Users/hannesventer/OneDrive - Macquarie University/Uni Work/2019 S2/COMP332/Assignment 3/comp332_a3/src/test/scala/ExecTests.scala
WARN  no build target: /Users/hannesventer/OneDrive - Macquarie University/Uni Work/2019 S2/COMP332/Assignment 3/comp332_a3/src/test/scala/SemanticTests.scala
Nov 08, 2019 12:19:37 PM scala.meta.internal.pc.CompilerAccess handleError
SEVERE: null
java.lang.NullPointerException
	at scala.meta.internal.pc.HoverProvider.seenFromType(HoverProvider.scala:106)
	at scala.meta.internal.pc.HoverProvider.hover(HoverProvider.scala:42)

WARN  no build target: /Users/hannesventer/OneDrive - Macquarie University/Uni Work/2019 S2/COMP332/Assignment 3/comp332_a3/src/test/scala/ExecTests.scala
WARN  no build target: /Users/hannesventer/OneDrive - Macquarie University/Uni Work/2019 S2/COMP332/Assignment 3/comp332_a3/src/test/scala/ExecTests.scala
WARN  no build target: /Users/hannesventer/OneDrive - Macquarie University/Uni Work/2019 S2/COMP332/Assignment 3/comp332_a3/src/test/scala/ExecTests.scala
WARN  no build target: /Users/hannesventer/OneDrive - Macquarie University/Uni Work/2019 S2/COMP332/Assignment 3/comp332_a3/src/test/scala/ExecTests.scala
WARN  no build target: /Users/hannesventer/OneDrive - Macquarie University/Uni Work/2019 S2/COMP332/Assignment 3/comp332_a3/src/test/scala/ExecTests.scala
WARN  no build target: /Users/hannesventer/OneDrive - Macquarie University/Uni Work/2019 S2/COMP332/Assignment 3/comp332_a3/src/test/scala/ExecTests.scala
WARN  code navigation does not work for the file '/Users/hannesventer/OneDrive - Macquarie University/Uni Work/2019 S2/COMP332/Assignment 3/comp332_a3/src/test/scala/ExecTests.scala' because it doesn't belong to a build target.
WARN  code navigation does not work for the file '/Users/hannesventer/OneDrive - Macquarie University/Uni Work/2019 S2/COMP332/Assignment 3/comp332_a3/src/test/scala/ExecTests.scala' because it doesn't belong to a build target.
WARN  no build target: /Users/hannesventer/OneDrive - Macquarie University/Uni Work/2019 S2/COMP332/Assignment 3/comp332_a3/src/test/scala/ExecTests.scala
WARN  no build target: /Users/hannesventer/OneDrive - Macquarie University/Uni Work/2019 S2/COMP332/Assignment 3/comp332_a3/src/test/scala/ExecTests.scala
WARN  no build target: /Users/hannesventer/OneDrive - Macquarie University/Uni Work/2019 S2/COMP332/Assignment 3/comp332_a3/src/test/scala/ExecTests.scala
WARN  no build target: /Users/hannesventer/OneDrive - Macquarie University/Uni Work/2019 S2/COMP332/Assignment 3/comp332_a3/src/test/scala/ExecTests.scala
WARN  code navigation does not work for the file '/Users/hannesventer/OneDrive - Macquarie University/Uni Work/2019 S2/COMP332/Assignment 3/comp332_a3/src/test/scala/ExecTests.scala' because it doesn't belong to a build target.
WARN  code navigation does not work for the file '/Users/hannesventer/OneDrive - Macquarie University/Uni Work/2019 S2/COMP332/Assignment 3/comp332_a3/src/test/scala/ExecTests.scala' because it doesn't belong to a build target.
WARN  no build target: /Users/hannesventer/OneDrive - Macquarie University/Uni Work/2019 S2/COMP332/Assignment 3/comp332_a3/src/test/scala/ExecTests.scala
WARN  code navigation does not work for the file '/Users/hannesventer/OneDrive - Macquarie University/Uni Work/2019 S2/COMP332/Assignment 3/comp332_a3/src/test/scala/ExecTests.scala' because it doesn't belong to a build target.
WARN  code navigation does not work for the file '/Users/hannesventer/OneDrive - Macquarie University/Uni Work/2019 S2/COMP332/Assignment 3/comp332_a3/src/test/scala/ExecTests.scala' because it doesn't belong to a build target.
WARN  code navigation does not work for the file '/Users/hannesventer/OneDrive - Macquarie University/Uni Work/2019 S2/COMP332/Assignment 3/comp332_a3/src/test/scala/ExecTests.scala' because it doesn't belong to a build target.
WARN  code navigation does not work for the file '/Users/hannesventer/OneDrive - Macquarie University/Uni Work/2019 S2/COMP332/Assignment 3/comp332_a3/src/test/scala/ExecTests.scala' because it doesn't belong to a build target.
WARN  no build target: /Users/hannesventer/OneDrive - Macquarie University/Uni Work/2019 S2/COMP332/Assignment 3/comp332_a3/src/test/scala/ExecTests.scala
WARN  no build target: /Users/hannesventer/OneDrive - Macquarie University/Uni Work/2019 S2/COMP332/Assignment 3/comp332_a3/src/test/scala/ExecTests.scala
WARN  code navigation does not work for the file '/Users/hannesventer/OneDrive - Macquarie University/Uni Work/2019 S2/COMP332/Assignment 3/comp332_a3/src/main/scala/Translator.scala' because it doesn't belong to a build target.
WARN  code navigation does not work for the file '/Users/hannesventer/OneDrive - Macquarie University/Uni Work/2019 S2/COMP332/Assignment 3/comp332_a3/src/main/scala/Translator.scala' because it doesn't belong to a build target.
WARN  no build target: /Users/hannesventer/OneDrive - Macquarie University/Uni Work/2019 S2/COMP332/Assignment 3/comp332_a3/src/main/scala/Translator.scala
WARN  no build target: /Users/hannesventer/OneDrive - Macquarie University/Uni Work/2019 S2/COMP332/Assignment 3/comp332_a3/src/test/scala/ExecTests.scala
WARN  no build target: /Users/hannesventer/OneDrive - Macquarie University/Uni Work/2019 S2/COMP332/Assignment 3/comp332_a3/src/main/scala/Translator.scala
WARN  no build target: /Users/hannesventer/OneDrive - Macquarie University/Uni Work/2019 S2/COMP332/Assignment 3/comp332_a3/src/main/scala/SECDTree.scala
Nov 08, 2019 12:46:58 PM scala.meta.internal.pc.CompilerAccess handleError
SEVERE: String index out of range: -2
java.lang.StringIndexOutOfBoundsException: String index out of range: -2
	at java.lang.String.<init>(String.java:196)
	at scala.tools.nsc.interactive.Global.typeCompletions$1(Global.scala:1230)
	at scala.tools.nsc.interactive.Global.completionsAt(Global.scala:1253)
	at scala.meta.internal.pc.SignatureHelpProvider.$anonfun$treeSymbol$1(SignatureHelpProvider.scala:369)
	at scala.Option.map(Option.scala:230)
	at scala.meta.internal.pc.SignatureHelpProvider.treeSymbol(SignatureHelpProvider.scala:368)
	at scala.meta.internal.pc.SignatureHelpProvider$MethodCall$.unapply(SignatureHelpProvider.scala:197)
	at scala.meta.internal.pc.SignatureHelpProvider$MethodCallTraverser.visit(SignatureHelpProvider.scala:305)
	at scala.meta.internal.pc.SignatureHelpProvider$MethodCallTraverser.traverse(SignatureHelpProvider.scala:300)
	at scala.meta.internal.pc.SignatureHelpProvider$MethodCallTraverser.fromTree(SignatureHelpProvider.scala:269)
	at scala.meta.internal.pc.SignatureHelpProvider.signatureHelp(SignatureHelpProvider.scala:26)

WARN  no build target: /Users/hannesventer/OneDrive - Macquarie University/Uni Work/2019 S2/COMP332/Assignment 3/comp332_a3/src/main/scala/Translator.scala
WARN  no build target: /Users/hannesventer/OneDrive - Macquarie University/Uni Work/2019 S2/COMP332/Assignment 3/comp332_a3/src/main/scala/Translator.scala
WARN  code navigation does not work for the file '/Users/hannesventer/OneDrive - Macquarie University/Uni Work/2019 S2/COMP332/Assignment 3/comp332_a3/src/main/scala/Translator.scala' because it doesn't belong to a build target.
WARN  code navigation does not work for the file '/Users/hannesventer/OneDrive - Macquarie University/Uni Work/2019 S2/COMP332/Assignment 3/comp332_a3/src/main/scala/Translator.scala' because it doesn't belong to a build target.
WARN  no build target: /Users/hannesventer/OneDrive - Macquarie University/Uni Work/2019 S2/COMP332/Assignment 3/comp332_a3/src/main/scala/Translator.scala
WARN  no build target: /Users/hannesventer/OneDrive - Macquarie University/Uni Work/2019 S2/COMP332/Assignment 3/comp332_a3/src/main/scala/Translator.scala
WARN  no build target: /Users/hannesventer/OneDrive - Macquarie University/Uni Work/2019 S2/COMP332/Assignment 3/comp332_a3/src/main/scala/Translator.scala
WARN  no build target: /Users/hannesventer/OneDrive - Macquarie University/Uni Work/2019 S2/COMP332/Assignment 3/comp332_a3/src/main/scala/Translator.scala
Nov 08, 2019 12:49:15 PM scala.meta.internal.pc.CompilerAccess handleError
SEVERE: null
java.lang.NullPointerException
	at scala.meta.internal.pc.HoverProvider.seenFromType(HoverProvider.scala:106)
	at scala.meta.internal.pc.HoverProvider.hover(HoverProvider.scala:42)

WARN  no build target: /Users/hannesventer/OneDrive - Macquarie University/Uni Work/2019 S2/COMP332/Assignment 3/comp332_a3/src/main/scala/Translator.scala
WARN  code navigation does not work for the file '/Users/hannesventer/OneDrive - Macquarie University/Uni Work/2019 S2/COMP332/Assignment 3/comp332_a3/src/main/scala/Translator.scala' because it doesn't belong to a build target.
WARN  code navigation does not work for the file '/Users/hannesventer/OneDrive - Macquarie University/Uni Work/2019 S2/COMP332/Assignment 3/comp332_a3/src/main/scala/Translator.scala' because it doesn't belong to a build target.
WARN  no build target: /Users/hannesventer/OneDrive - Macquarie University/Uni Work/2019 S2/COMP332/Assignment 3/comp332_a3/src/main/scala/Translator.scala
WARN  no build target: /Users/hannesventer/OneDrive - Macquarie University/Uni Work/2019 S2/COMP332/Assignment 3/comp332_a3/src/main/scala/Translator.scala
WARN  code navigation does not work for the file '/Users/hannesventer/OneDrive - Macquarie University/Uni Work/2019 S2/COMP332/Assignment 3/comp332_a3/src/test/scala/ExecTests.scala' because it doesn't belong to a build target.
WARN  code navigation does not work for the file '/Users/hannesventer/OneDrive - Macquarie University/Uni Work/2019 S2/COMP332/Assignment 3/comp332_a3/src/test/scala/ExecTests.scala' because it doesn't belong to a build target.
WARN  no build target: /Users/hannesventer/OneDrive - Macquarie University/Uni Work/2019 S2/COMP332/Assignment 3/comp332_a3/src/test/scala/ExecTests.scala
WARN  no build target: /Users/hannesventer/OneDrive - Macquarie University/Uni Work/2019 S2/COMP332/Assignment 3/comp332_a3/src/test/scala/ExecTests.scala
WARN  no build target: /Users/hannesventer/OneDrive - Macquarie University/Uni Work/2019 S2/COMP332/Assignment 3/comp332_a3/src/test/scala/ExecTests.scala
WARN  no build target: /Users/hannesventer/OneDrive - Macquarie University/Uni Work/2019 S2/COMP332/Assignment 3/comp332_a3/src/test/scala/ExecTests.scala
WARN  no build target: /Users/hannesventer/OneDrive - Macquarie University/Uni Work/2019 S2/COMP332/Assignment 3/comp332_a3/src/test/scala/ExecTests.scala
WARN  no build target: /Users/hannesventer/OneDrive - Macquarie University/Uni Work/2019 S2/COMP332/Assignment 3/comp332_a3/src/test/scala/ExecTests.scala
WARN  no build target: /Users/hannesventer/OneDrive - Macquarie University/Uni Work/2019 S2/COMP332/Assignment 3/comp332_a3/src/test/scala/ExecTests.scala
WARN  no build target: /Users/hannesventer/OneDrive - Macquarie University/Uni Work/2019 S2/COMP332/Assignment 3/comp332_a3/src/test/scala/ExecTests.scala
WARN  no build target: /Users/hannesventer/OneDrive - Macquarie University/Uni Work/2019 S2/COMP332/Assignment 3/comp332_a3/src/test/scala/ExecTests.scala
WARN  no build target: /Users/hannesventer/OneDrive - Macquarie University/Uni Work/2019 S2/COMP332/Assignment 3/comp332_a3/src/test/scala/ExecTests.scala
WARN  no build target: /Users/hannesventer/OneDrive - Macquarie University/Uni Work/2019 S2/COMP332/Assignment 3/comp332_a3/src/test/scala/ExecTests.scala
WARN  no build target: /Users/hannesventer/OneDrive - Macquarie University/Uni Work/2019 S2/COMP332/Assignment 3/comp332_a3/src/test/scala/ExecTests.scala
WARN  no build target: /Users/hannesventer/OneDrive - Macquarie University/Uni Work/2019 S2/COMP332/Assignment 3/comp332_a3/src/test/scala/ExecTests.scala
WARN  no build target: /Users/hannesventer/OneDrive - Macquarie University/Uni Work/2019 S2/COMP332/Assignment 3/comp332_a3/src/test/scala/ExecTests.scala
WARN  no build target: /Users/hannesventer/OneDrive - Macquarie University/Uni Work/2019 S2/COMP332/Assignment 3/comp332_a3/src/test/scala/ExecTests.scala
WARN  no build target: /Users/hannesventer/OneDrive - Macquarie University/Uni Work/2019 S2/COMP332/Assignment 3/comp332_a3/src/test/scala/ExecTests.scala
WARN  no build target: /Users/hannesventer/OneDrive - Macquarie University/Uni Work/2019 S2/COMP332/Assignment 3/comp332_a3/src/main/scala/Translator.scala
WARN  code navigation does not work for the file '/Users/hannesventer/OneDrive - Macquarie University/Uni Work/2019 S2/COMP332/Assignment 3/comp332_a3/src/main/scala/Translator.scala' because it doesn't belong to a build target.
WARN  code navigation does not work for the file '/Users/hannesventer/OneDrive - Macquarie University/Uni Work/2019 S2/COMP332/Assignment 3/comp332_a3/src/main/scala/Translator.scala' because it doesn't belong to a build target.
WARN  no build target: /Users/hannesventer/OneDrive - Macquarie University/Uni Work/2019 S2/COMP332/Assignment 3/comp332_a3/src/main/scala/Translator.scala
Nov 08, 2019 1:25:10 PM org.eclipse.lsp4j.jsonrpc.RemoteEndpoint handleCancellation
WARNING: Unmatched cancel notification for request id 3592
WARN  no build target: /Users/hannesventer/OneDrive - Macquarie University/Uni Work/2019 S2/COMP332/Assignment 3/comp332_a3/src/test/scala/ExecTests.scala
WARN  no build target: /Users/hannesventer/OneDrive - Macquarie University/Uni Work/2019 S2/COMP332/Assignment 3/comp332_a3/src/test/scala/ExecTests.scala
WARN  no build target: /Users/hannesventer/OneDrive - Macquarie University/Uni Work/2019 S2/COMP332/Assignment 3/comp332_a3/src/test/scala/ExecTests.scala
WARN  no build target: /Users/hannesventer/OneDrive - Macquarie University/Uni Work/2019 S2/COMP332/Assignment 3/comp332_a3/src/test/scala/ExecTests.scala
WARN  no build target: /Users/hannesventer/OneDrive - Macquarie University/Uni Work/2019 S2/COMP332/Assignment 3/comp332_a3/src/test/scala/ExecTests.scala
WARN  no build target: /Users/hannesventer/OneDrive - Macquarie University/Uni Work/2019 S2/COMP332/Assignment 3/comp332_a3/src/main/scala/Translator.scala
WARN  code navigation does not work for the file '/Users/hannesventer/OneDrive - Macquarie University/Uni Work/2019 S2/COMP332/Assignment 3/comp332_a3/src/main/scala/Translator.scala' because it doesn't belong to a build target.
WARN  code navigation does not work for the file '/Users/hannesventer/OneDrive - Macquarie University/Uni Work/2019 S2/COMP332/Assignment 3/comp332_a3/src/main/scala/Translator.scala' because it doesn't belong to a build target.
WARN  no build target: /Users/hannesventer/OneDrive - Macquarie University/Uni Work/2019 S2/COMP332/Assignment 3/comp332_a3/src/main/scala/Translator.scala
WARN  no build target: /Users/hannesventer/OneDrive - Macquarie University/Uni Work/2019 S2/COMP332/Assignment 3/comp332_a3/src/main/scala/Translator.scala
WARN  no build target: /Users/hannesventer/OneDrive - Macquarie University/Uni Work/2019 S2/COMP332/Assignment 3/comp332_a3/src/test/scala/ExecTests.scala
WARN  no build target: /Users/hannesventer/OneDrive - Macquarie University/Uni Work/2019 S2/COMP332/Assignment 3/comp332_a3/src/test/scala/ExecTests.scala
WARN  no build target: /Users/hannesventer/OneDrive - Macquarie University/Uni Work/2019 S2/COMP332/Assignment 3/comp332_a3/src/test/scala/ExecTests.scala
WARN  no build target: /Users/hannesventer/OneDrive - Macquarie University/Uni Work/2019 S2/COMP332/Assignment 3/comp332_a3/src/test/scala/ExecTests.scala
WARN  no build target: /Users/hannesventer/OneDrive - Macquarie University/Uni Work/2019 S2/COMP332/Assignment 3/comp332_a3/src/test/scala/ExecTests.scala
WARN  no build target: /Users/hannesventer/OneDrive - Macquarie University/Uni Work/2019 S2/COMP332/Assignment 3/comp332_a3/src/test/scala/ExecTests.scala
WARN  code navigation does not work for the file '/Users/hannesventer/OneDrive - Macquarie University/Uni Work/2019 S2/COMP332/Assignment 3/comp332_a3/src/test/scala/ExecTests.scala' because it doesn't belong to a build target.
WARN  code navigation does not work for the file '/Users/hannesventer/OneDrive - Macquarie University/Uni Work/2019 S2/COMP332/Assignment 3/comp332_a3/src/test/scala/ExecTests.scala' because it doesn't belong to a build target.
WARN  no build target: /Users/hannesventer/OneDrive - Macquarie University/Uni Work/2019 S2/COMP332/Assignment 3/comp332_a3/src/test/scala/ExecTests.scala
WARN  no build target: /Users/hannesventer/OneDrive - Macquarie University/Uni Work/2019 S2/COMP332/Assignment 3/comp332_a3/src/test/scala/ExecTests.scala
WARN  no build target: /Users/hannesventer/OneDrive - Macquarie University/Uni Work/2019 S2/COMP332/Assignment 3/comp332_a3/src/test/scala/ExecTests.scala
WARN  no build target: /Users/hannesventer/OneDrive - Macquarie University/Uni Work/2019 S2/COMP332/Assignment 3/comp332_a3/src/test/scala/ExecTests.scala
WARN  no build target: /Users/hannesventer/OneDrive - Macquarie University/Uni Work/2019 S2/COMP332/Assignment 3/comp332_a3/src/main/scala/Translator.scala
WARN  code navigation does not work for the file '/Users/hannesventer/OneDrive - Macquarie University/Uni Work/2019 S2/COMP332/Assignment 3/comp332_a3/src/test/scala/ExecTests.scala' because it doesn't belong to a build target.
WARN  code navigation does not work for the file '/Users/hannesventer/OneDrive - Macquarie University/Uni Work/2019 S2/COMP332/Assignment 3/comp332_a3/src/test/scala/ExecTests.scala' because it doesn't belong to a build target.
WARN  no build target: /Users/hannesventer/OneDrive - Macquarie University/Uni Work/2019 S2/COMP332/Assignment 3/comp332_a3/src/test/scala/ExecTests.scala
WARN  no build target: /Users/hannesventer/OneDrive - Macquarie University/Uni Work/2019 S2/COMP332/Assignment 3/comp332_a3/src/test/scala/ExecTests.scala
WARN  no build target: /Users/hannesventer/OneDrive - Macquarie University/Uni Work/2019 S2/COMP332/Assignment 3/comp332_a3/src/main/scala/Translator.scala
WARN  no build target: /Users/hannesventer/OneDrive - Macquarie University/Uni Work/2019 S2/COMP332/Assignment 3/comp332_a3/src/test/scala/ExecTests.scala
WARN  no build target: /Users/hannesventer/OneDrive - Macquarie University/Uni Work/2019 S2/COMP332/Assignment 3/comp332_a3/src/test/scala/ExecTests.scala
WARN  no build target: /Users/hannesventer/OneDrive - Macquarie University/Uni Work/2019 S2/COMP332/Assignment 3/comp332_a3/src/test/scala/ExecTests.scala
WARN  no build target: /Users/hannesventer/OneDrive - Macquarie University/Uni Work/2019 S2/COMP332/Assignment 3/comp332_a3/src/test/scala/ExecTests.scala
WARN  code navigation does not work for the file '/Users/hannesventer/OneDrive - Macquarie University/Uni Work/2019 S2/COMP332/Assignment 3/comp332_a3/src/test/scala/ExecTests.scala' because it doesn't belong to a build target.
WARN  code navigation does not work for the file '/Users/hannesventer/OneDrive - Macquarie University/Uni Work/2019 S2/COMP332/Assignment 3/comp332_a3/src/test/scala/ExecTests.scala' because it doesn't belong to a build target.
WARN  no build target: /Users/hannesventer/OneDrive - Macquarie University/Uni Work/2019 S2/COMP332/Assignment 3/comp332_a3/src/test/scala/ExecTests.scala
WARN  no build target: /Users/hannesventer/OneDrive - Macquarie University/Uni Work/2019 S2/COMP332/Assignment 3/comp332_a3/src/test/scala/ExecTests.scala
WARN  no build target: /Users/hannesventer/OneDrive - Macquarie University/Uni Work/2019 S2/COMP332/Assignment 3/comp332_a3/src/test/scala/ExecTests.scala
WARN  no build target: /Users/hannesventer/OneDrive - Macquarie University/Uni Work/2019 S2/COMP332/Assignment 3/comp332_a3/src/test/scala/ExecTests.scala
WARN  code navigation does not work for the file '/Users/hannesventer/OneDrive - Macquarie University/Uni Work/2019 S2/COMP332/Assignment 3/comp332_a3/src/test/scala/ExecTests.scala' because it doesn't belong to a build target.
WARN  code navigation does not work for the file '/Users/hannesventer/OneDrive - Macquarie University/Uni Work/2019 S2/COMP332/Assignment 3/comp332_a3/src/test/scala/ExecTests.scala' because it doesn't belong to a build target.
WARN  no build target: /Users/hannesventer/OneDrive - Macquarie University/Uni Work/2019 S2/COMP332/Assignment 3/comp332_a3/src/test/scala/ExecTests.scala
WARN  no build target: /Users/hannesventer/OneDrive - Macquarie University/Uni Work/2019 S2/COMP332/Assignment 3/comp332_a3/src/test/scala/ExecTests.scala
WARN  no build target: /Users/hannesventer/OneDrive - Macquarie University/Uni Work/2019 S2/COMP332/Assignment 3/comp332_a3/src/main/scala/SECDTree.scala
WARN  code navigation does not work for the file '/Users/hannesventer/OneDrive - Macquarie University/Uni Work/2019 S2/COMP332/Assignment 3/comp332_a3/src/test/scala/ExecTests.scala' because it doesn't belong to a build target.
WARN  code navigation does not work for the file '/Users/hannesventer/OneDrive - Macquarie University/Uni Work/2019 S2/COMP332/Assignment 3/comp332_a3/src/test/scala/ExecTests.scala' because it doesn't belong to a build target.
WARN  code navigation does not work for the file '/Users/hannesventer/OneDrive - Macquarie University/Uni Work/2019 S2/COMP332/Assignment 3/comp332_a3/src/test/scala/ExecTests.scala' because it doesn't belong to a build target.
WARN  code navigation does not work for the file '/Users/hannesventer/OneDrive - Macquarie University/Uni Work/2019 S2/COMP332/Assignment 3/comp332_a3/src/test/scala/ExecTests.scala' because it doesn't belong to a build target.
WARN  code navigation does not work for the file '/Users/hannesventer/OneDrive - Macquarie University/Uni Work/2019 S2/COMP332/Assignment 3/comp332_a3/src/test/scala/ExecTests.scala' because it doesn't belong to a build target.
WARN  code navigation does not work for the file '/Users/hannesventer/OneDrive - Macquarie University/Uni Work/2019 S2/COMP332/Assignment 3/comp332_a3/src/test/scala/ExecTests.scala' because it doesn't belong to a build target.
WARN  no build target: /Users/hannesventer/OneDrive - Macquarie University/Uni Work/2019 S2/COMP332/Assignment 3/comp332_a3/src/test/scala/ExecTests.scala
WARN  no build target: /Users/hannesventer/OneDrive - Macquarie University/Uni Work/2019 S2/COMP332/Assignment 3/comp332_a3/src/test/scala/ExecTests.scala
WARN  no build target: /Users/hannesventer/OneDrive - Macquarie University/Uni Work/2019 S2/COMP332/Assignment 3/comp332_a3/src/test/scala/ExecTests.scala
WARN  no build target: /Users/hannesventer/OneDrive - Macquarie University/Uni Work/2019 S2/COMP332/Assignment 3/comp332_a3/src/main/scala/Translator.scala
WARN  no build target: /Users/hannesventer/OneDrive - Macquarie University/Uni Work/2019 S2/COMP332/Assignment 3/comp332_a3/src/main/scala/Translator.scala
Nov 08, 2019 6:55:51 PM scala.meta.internal.pc.CompilerAccess handleError
SEVERE: null
java.lang.NullPointerException
	at scala.meta.internal.pc.HoverProvider.seenFromType(HoverProvider.scala:106)
	at scala.meta.internal.pc.HoverProvider.hover(HoverProvider.scala:42)

WARN  no build target: /Users/hannesventer/OneDrive - Macquarie University/Uni Work/2019 S2/COMP332/Assignment 3/comp332_a3/src/main/scala/Translator.scala
Nov 08, 2019 6:56:24 PM scala.meta.internal.pc.CompilerAccess handleError
SEVERE: null
java.lang.NullPointerException
	at scala.meta.internal.pc.HoverProvider.seenFromType(HoverProvider.scala:106)
	at scala.meta.internal.pc.HoverProvider.hover(HoverProvider.scala:42)

Nov 08, 2019 6:56:24 PM scala.meta.internal.pc.CompilerAccess handleError
SEVERE: null
java.lang.NullPointerException
	at scala.meta.internal.pc.HoverProvider.seenFromType(HoverProvider.scala:106)
	at scala.meta.internal.pc.HoverProvider.hover(HoverProvider.scala:42)

WARN  code navigation does not work for the file '/Users/hannesventer/OneDrive - Macquarie University/Uni Work/2019 S2/COMP332/Assignment 3/comp332_a3/src/main/scala/Translator.scala' because it doesn't belong to a build target.
WARN  code navigation does not work for the file '/Users/hannesventer/OneDrive - Macquarie University/Uni Work/2019 S2/COMP332/Assignment 3/comp332_a3/src/main/scala/Translator.scala' because it doesn't belong to a build target.
WARN  no build target: /Users/hannesventer/OneDrive - Macquarie University/Uni Work/2019 S2/COMP332/Assignment 3/comp332_a3/src/main/scala/Translator.scala
WARN  no build target: /Users/hannesventer/OneDrive - Macquarie University/Uni Work/2019 S2/COMP332/Assignment 3/comp332_a3/src/main/scala/Translator.scala
WARN  code navigation does not work for the file '/Users/hannesventer/OneDrive - Macquarie University/Uni Work/2019 S2/COMP332/Assignment 3/comp332_a3/src/main/scala/Translator.scala' because it doesn't belong to a build target.
WARN  code navigation does not work for the file '/Users/hannesventer/OneDrive - Macquarie University/Uni Work/2019 S2/COMP332/Assignment 3/comp332_a3/src/main/scala/Translator.scala' because it doesn't belong to a build target.
WARN  no build target: /Users/hannesventer/OneDrive - Macquarie University/Uni Work/2019 S2/COMP332/Assignment 3/comp332_a3/src/main/scala/Translator.scala
WARN  no build target: /Users/hannesventer/OneDrive - Macquarie University/Uni Work/2019 S2/COMP332/Assignment 3/comp332_a3/src/main/scala/Translator.scala
WARN  code navigation does not work for the file '/Users/hannesventer/OneDrive - Macquarie University/Uni Work/2019 S2/COMP332/Assignment 3/comp332_a3/src/main/scala/Translator.scala' because it doesn't belong to a build target.
WARN  code navigation does not work for the file '/Users/hannesventer/OneDrive - Macquarie University/Uni Work/2019 S2/COMP332/Assignment 3/comp332_a3/src/main/scala/Translator.scala' because it doesn't belong to a build target.
WARN  no build target: /Users/hannesventer/OneDrive - Macquarie University/Uni Work/2019 S2/COMP332/Assignment 3/comp332_a3/src/main/scala/Translator.scala
WARN  code navigation does not work for the file '/Users/hannesventer/OneDrive - Macquarie University/Uni Work/2019 S2/COMP332/Assignment 3/comp332_a3/src/main/scala/Translator.scala' because it doesn't belong to a build target.
WARN  code navigation does not work for the file '/Users/hannesventer/OneDrive - Macquarie University/Uni Work/2019 S2/COMP332/Assignment 3/comp332_a3/src/main/scala/Translator.scala' because it doesn't belong to a build target.
WARN  no build target: /Users/hannesventer/OneDrive - Macquarie University/Uni Work/2019 S2/COMP332/Assignment 3/comp332_a3/src/main/scala/Translator.scala
WARN  no build target: /Users/hannesventer/OneDrive - Macquarie University/Uni Work/2019 S2/COMP332/Assignment 3/comp332_a3/src/main/scala/Translator.scala
WARN  no build target: /Users/hannesventer/OneDrive - Macquarie University/Uni Work/2019 S2/COMP332/Assignment 3/comp332_a3/src/main/scala/Translator.scala
WARN  code navigation does not work for the file '/Users/hannesventer/OneDrive - Macquarie University/Uni Work/2019 S2/COMP332/Assignment 3/comp332_a3/src/main/scala/Translator.scala' because it doesn't belong to a build target.
WARN  code navigation does not work for the file '/Users/hannesventer/OneDrive - Macquarie University/Uni Work/2019 S2/COMP332/Assignment 3/comp332_a3/src/main/scala/Translator.scala' because it doesn't belong to a build target.
WARN  no build target: /Users/hannesventer/OneDrive - Macquarie University/Uni Work/2019 S2/COMP332/Assignment 3/comp332_a3/src/main/scala/Translator.scala
WARN  no build target: /Users/hannesventer/OneDrive - Macquarie University/Uni Work/2019 S2/COMP332/Assignment 3/comp332_a3/src/main/scala/Translator.scala
WARN  no build target: /Users/hannesventer/OneDrive - Macquarie University/Uni Work/2019 S2/COMP332/Assignment 3/comp332_a3/src/main/scala/Translator.scala
Nov 08, 2019 7:05:34 PM scala.meta.internal.pc.CompilerAccess handleError
SEVERE: null
java.lang.NullPointerException
	at scala.meta.internal.pc.HoverProvider.seenFromType(HoverProvider.scala:106)
	at scala.meta.internal.pc.HoverProvider.hover(HoverProvider.scala:42)

Nov 08, 2019 7:05:35 PM scala.meta.internal.pc.CompilerAccess handleError
SEVERE: null
java.lang.NullPointerException
	at scala.meta.internal.pc.HoverProvider.seenFromType(HoverProvider.scala:106)
	at scala.meta.internal.pc.HoverProvider.hover(HoverProvider.scala:42)

WARN  no build target: /Users/hannesventer/OneDrive - Macquarie University/Uni Work/2019 S2/COMP332/Assignment 3/comp332_a3/src/main/scala/Translator.scala
WARN  no build target: /Users/hannesventer/OneDrive - Macquarie University/Uni Work/2019 S2/COMP332/Assignment 3/comp332_a3/src/main/scala/Translator.scala
WARN  no build target: /Users/hannesventer/OneDrive - Macquarie University/Uni Work/2019 S2/COMP332/Assignment 3/comp332_a3/src/main/scala/Translator.scala
WARN  code navigation does not work for the file '/Users/hannesventer/OneDrive - Macquarie University/Uni Work/2019 S2/COMP332/Assignment 3/comp332_a3/src/main/scala/Translator.scala' because it doesn't belong to a build target.
WARN  code navigation does not work for the file '/Users/hannesventer/OneDrive - Macquarie University/Uni Work/2019 S2/COMP332/Assignment 3/comp332_a3/src/main/scala/Translator.scala' because it doesn't belong to a build target.
WARN  no build target: /Users/hannesventer/OneDrive - Macquarie University/Uni Work/2019 S2/COMP332/Assignment 3/comp332_a3/src/main/scala/Translator.scala
WARN  no build target: /Users/hannesventer/OneDrive - Macquarie University/Uni Work/2019 S2/COMP332/Assignment 3/comp332_a3/src/test/scala/ExecTests.scala
WARN  no build target: /Users/hannesventer/OneDrive - Macquarie University/Uni Work/2019 S2/COMP332/Assignment 3/comp332_a3/src/test/scala/ExecTests.scala
WARN  no build target: /Users/hannesventer/OneDrive - Macquarie University/Uni Work/2019 S2/COMP332/Assignment 3/comp332_a3/src/main/scala/Translator.scala
something's wrong: no file:///Users/hannesventer/OneDrive%20-%20Macquarie%20University/Uni%20Work/2019%20S2/COMP332/Assignment%203/comp332_a3/src/main/scala/LintillaTree.scala in Option[lintilla.LintillaTree.Expression]RangePosition(file:///Users/hannesventer/OneDrive%20-%20Macquarie%20University/Uni%20Work/2019%20S2/COMP332/Assignment%203/comp332_a3/src/main/scala/LintillaTree.scala, 2420, 2420, 2438)
WARN  no build target: /Users/hannesventer/OneDrive - Macquarie University/Uni Work/2019 S2/COMP332/Assignment 3/comp332_a3/src/main/scala/Translator.scala
WARN  no build target: /Users/hannesventer/OneDrive - Macquarie University/Uni Work/2019 S2/COMP332/Assignment 3/comp332_a3/src/main/scala/Translator.scala
WARN  no build target: /Users/hannesventer/OneDrive - Macquarie University/Uni Work/2019 S2/COMP332/Assignment 3/comp332_a3/src/main/scala/Translator.scala
WARN  code navigation does not work for the file '/Users/hannesventer/OneDrive - Macquarie University/Uni Work/2019 S2/COMP332/Assignment 3/comp332_a3/src/main/scala/Translator.scala' because it doesn't belong to a build target.
WARN  code navigation does not work for the file '/Users/hannesventer/OneDrive - Macquarie University/Uni Work/2019 S2/COMP332/Assignment 3/comp332_a3/src/main/scala/Translator.scala' because it doesn't belong to a build target.
WARN  no build target: /Users/hannesventer/OneDrive - Macquarie University/Uni Work/2019 S2/COMP332/Assignment 3/comp332_a3/src/main/scala/Translator.scala
WARN  no build target: /Users/hannesventer/OneDrive - Macquarie University/Uni Work/2019 S2/COMP332/Assignment 3/comp332_a3/src/test/scala/ExecTests.scala
WARN  no build target: /Users/hannesventer/OneDrive - Macquarie University/Uni Work/2019 S2/COMP332/Assignment 3/comp332_a3/src/test/scala/ExecTests.scala
Nov 08, 2019 7:13:21 PM org.eclipse.lsp4j.jsonrpc.RemoteEndpoint handleCancellation
WARNING: Unmatched cancel notification for request id 5381
WARN  code navigation does not work for the file '/Users/hannesventer/OneDrive - Macquarie University/Uni Work/2019 S2/COMP332/Assignment 3/comp332_a3/src/test/scala/ExecTests.scala' because it doesn't belong to a build target.
WARN  code navigation does not work for the file '/Users/hannesventer/OneDrive - Macquarie University/Uni Work/2019 S2/COMP332/Assignment 3/comp332_a3/src/test/scala/ExecTests.scala' because it doesn't belong to a build target.
WARN  no build target: /Users/hannesventer/OneDrive - Macquarie University/Uni Work/2019 S2/COMP332/Assignment 3/comp332_a3/src/test/scala/ExecTests.scala
Nov 08, 2019 7:25:33 PM org.eclipse.lsp4j.jsonrpc.RemoteEndpoint handleCancellation
WARNING: Unmatched cancel notification for request id 5447
WARN  no build target: /Users/hannesventer/OneDrive - Macquarie University/Uni Work/2019 S2/COMP332/Assignment 3/comp332_a3/src/main/scala/Translator.scala
Nov 08, 2019 7:25:39 PM scala.meta.internal.pc.CompilerAccess handleError
SEVERE: null
java.lang.NullPointerException
	at scala.meta.internal.pc.HoverProvider.seenFromType(HoverProvider.scala:106)
	at scala.meta.internal.pc.HoverProvider.hover(HoverProvider.scala:42)

WARN  code navigation does not work for the file '/Users/hannesventer/OneDrive - Macquarie University/Uni Work/2019 S2/COMP332/Assignment 3/comp332_a3/src/main/scala/Translator.scala' because it doesn't belong to a build target.
WARN  code navigation does not work for the file '/Users/hannesventer/OneDrive - Macquarie University/Uni Work/2019 S2/COMP332/Assignment 3/comp332_a3/src/main/scala/Translator.scala' because it doesn't belong to a build target.
WARN  no build target: /Users/hannesventer/OneDrive - Macquarie University/Uni Work/2019 S2/COMP332/Assignment 3/comp332_a3/src/main/scala/Translator.scala
WARN  code navigation does not work for the file '/Users/hannesventer/OneDrive - Macquarie University/Uni Work/2019 S2/COMP332/Assignment 3/comp332_a3/src/main/scala/Translator.scala' because it doesn't belong to a build target.
WARN  code navigation does not work for the file '/Users/hannesventer/OneDrive - Macquarie University/Uni Work/2019 S2/COMP332/Assignment 3/comp332_a3/src/main/scala/Translator.scala' because it doesn't belong to a build target.
WARN  no build target: /Users/hannesventer/OneDrive - Macquarie University/Uni Work/2019 S2/COMP332/Assignment 3/comp332_a3/src/main/scala/Translator.scala
WARN  no build target: /Users/hannesventer/OneDrive - Macquarie University/Uni Work/2019 S2/COMP332/Assignment 3/comp332_a3/src/main/scala/Translator.scala
WARN  no build target: /Users/hannesventer/OneDrive - Macquarie University/Uni Work/2019 S2/COMP332/Assignment 3/comp332_a3/src/main/scala/SECDTree.scala
WARN  no build target: /Users/hannesventer/OneDrive - Macquarie University/Uni Work/2019 S2/COMP332/Assignment 3/comp332_a3/src/main/scala/Translator.scala
WARN  code navigation does not work for the file '/Users/hannesventer/OneDrive - Macquarie University/Uni Work/2019 S2/COMP332/Assignment 3/comp332_a3/src/main/scala/Translator.scala' because it doesn't belong to a build target.
WARN  code navigation does not work for the file '/Users/hannesventer/OneDrive - Macquarie University/Uni Work/2019 S2/COMP332/Assignment 3/comp332_a3/src/main/scala/Translator.scala' because it doesn't belong to a build target.
WARN  no build target: /Users/hannesventer/OneDrive - Macquarie University/Uni Work/2019 S2/COMP332/Assignment 3/comp332_a3/src/main/scala/Translator.scala
WARN  code navigation does not work for the file '/Users/hannesventer/OneDrive - Macquarie University/Uni Work/2019 S2/COMP332/Assignment 3/comp332_a3/src/main/scala/Translator.scala' because it doesn't belong to a build target.
WARN  code navigation does not work for the file '/Users/hannesventer/OneDrive - Macquarie University/Uni Work/2019 S2/COMP332/Assignment 3/comp332_a3/src/main/scala/Translator.scala' because it doesn't belong to a build target.
WARN  no build target: /Users/hannesventer/OneDrive - Macquarie University/Uni Work/2019 S2/COMP332/Assignment 3/comp332_a3/src/main/scala/Translator.scala
WARN  no build target: /Users/hannesventer/OneDrive - Macquarie University/Uni Work/2019 S2/COMP332/Assignment 3/comp332_a3/src/main/scala/Translator.scala
WARN  no build target: /Users/hannesventer/OneDrive - Macquarie University/Uni Work/2019 S2/COMP332/Assignment 3/comp332_a3/src/main/scala/Translator.scala
Nov 08, 2019 7:39:40 PM scala.meta.internal.pc.CompilerAccess handleError
SEVERE: null
java.lang.NullPointerException
	at scala.meta.internal.pc.HoverProvider.seenFromType(HoverProvider.scala:106)
	at scala.meta.internal.pc.HoverProvider.hover(HoverProvider.scala:42)

WARN  no build target: /Users/hannesventer/OneDrive - Macquarie University/Uni Work/2019 S2/COMP332/Assignment 3/comp332_a3/src/main/scala/Translator.scala
WARN  no build target: /Users/hannesventer/OneDrive - Macquarie University/Uni Work/2019 S2/COMP332/Assignment 3/comp332_a3/src/main/scala/Translator.scala
WARN  no build target: /Users/hannesventer/OneDrive - Macquarie University/Uni Work/2019 S2/COMP332/Assignment 3/comp332_a3/src/main/scala/Translator.scala
WARN  no build target: /Users/hannesventer/OneDrive - Macquarie University/Uni Work/2019 S2/COMP332/Assignment 3/comp332_a3/src/main/scala/Translator.scala
WARN  no build target: /Users/hannesventer/OneDrive - Macquarie University/Uni Work/2019 S2/COMP332/Assignment 3/comp332_a3/src/main/scala/Translator.scala
Nov 08, 2019 7:49:32 PM org.eclipse.lsp4j.jsonrpc.RemoteEndpoint handleCancellation
WARNING: Unmatched cancel notification for request id 6028
Nov 08, 2019 7:49:33 PM scala.meta.internal.pc.CompilerAccess handleError
SEVERE: null
java.lang.NullPointerException
	at scala.meta.internal.pc.HoverProvider.seenFromType(HoverProvider.scala:106)
	at scala.meta.internal.pc.HoverProvider.hover(HoverProvider.scala:42)

Nov 08, 2019 7:49:33 PM scala.meta.internal.pc.CompilerAccess handleError
SEVERE: null
java.lang.NullPointerException
	at scala.meta.internal.pc.HoverProvider.seenFromType(HoverProvider.scala:106)
	at scala.meta.internal.pc.HoverProvider.hover(HoverProvider.scala:42)

Nov 08, 2019 7:49:52 PM scala.meta.internal.pc.CompilerAccess handleError
SEVERE: null
java.lang.NullPointerException
	at scala.meta.internal.pc.HoverProvider.seenFromType(HoverProvider.scala:106)
	at scala.meta.internal.pc.HoverProvider.hover(HoverProvider.scala:42)

Nov 08, 2019 7:50:07 PM org.eclipse.lsp4j.jsonrpc.RemoteEndpoint handleCancellation
WARNING: Unmatched cancel notification for request id 6074
Nov 08, 2019 7:50:56 PM scala.meta.internal.pc.CompilerAccess handleError
SEVERE: null
java.lang.NullPointerException
	at scala.meta.internal.pc.HoverProvider.seenFromType(HoverProvider.scala:106)
	at scala.meta.internal.pc.HoverProvider.hover(HoverProvider.scala:42)

Nov 08, 2019 7:50:59 PM scala.meta.internal.pc.CompilerAccess handleError
SEVERE: null
java.lang.NullPointerException
	at scala.meta.internal.pc.HoverProvider.seenFromType(HoverProvider.scala:106)
	at scala.meta.internal.pc.HoverProvider.hover(HoverProvider.scala:42)

Nov 08, 2019 7:51:00 PM scala.meta.internal.pc.CompilerAccess handleError
SEVERE: null
java.lang.NullPointerException
	at scala.meta.internal.pc.HoverProvider.seenFromType(HoverProvider.scala:106)
	at scala.meta.internal.pc.HoverProvider.hover(HoverProvider.scala:42)

Nov 08, 2019 7:51:06 PM scala.meta.internal.pc.CompilerAccess handleError
SEVERE: null
java.lang.NullPointerException
	at scala.meta.internal.pc.HoverProvider.seenFromType(HoverProvider.scala:106)
	at scala.meta.internal.pc.HoverProvider.hover(HoverProvider.scala:42)

WARN  no build target: /Users/hannesventer/OneDrive - Macquarie University/Uni Work/2019 S2/COMP332/Assignment 3/comp332_a3/src/main/scala/Translator.scala
WARN  no build target: /Users/hannesventer/OneDrive - Macquarie University/Uni Work/2019 S2/COMP332/Assignment 3/comp332_a3/src/main/scala/Translator.scala
WARN  no build target: /Users/hannesventer/OneDrive - Macquarie University/Uni Work/2019 S2/COMP332/Assignment 3/comp332_a3/src/main/scala/Translator.scala
Nov 08, 2019 7:51:52 PM scala.meta.internal.pc.CompilerAccess handleError
SEVERE: null
java.lang.NullPointerException
	at scala.meta.internal.pc.HoverProvider.seenFromType(HoverProvider.scala:106)
	at scala.meta.internal.pc.HoverProvider.hover(HoverProvider.scala:42)

Nov 08, 2019 7:51:57 PM scala.meta.internal.pc.CompilerAccess handleError
SEVERE: null
java.lang.NullPointerException
	at scala.meta.internal.pc.HoverProvider.seenFromType(HoverProvider.scala:106)
	at scala.meta.internal.pc.HoverProvider.hover(HoverProvider.scala:42)

Nov 08, 2019 7:52:11 PM scala.meta.internal.pc.CompletionProvider expected$1
WARNING: String index out of range: -1
WARN  code navigation does not work for the file '/Users/hannesventer/OneDrive - Macquarie University/Uni Work/2019 S2/COMP332/Assignment 3/comp332_a3/src/main/scala/Translator.scala' because it doesn't belong to a build target.
WARN  code navigation does not work for the file '/Users/hannesventer/OneDrive - Macquarie University/Uni Work/2019 S2/COMP332/Assignment 3/comp332_a3/src/main/scala/Translator.scala' because it doesn't belong to a build target.
WARN  no build target: /Users/hannesventer/OneDrive - Macquarie University/Uni Work/2019 S2/COMP332/Assignment 3/comp332_a3/src/main/scala/Translator.scala
INFO  shutting down Metals
INFO  time: initialize in 0.4s
INFO  skipping build import with status 'Requested'
WARN  no build target: /Users/hannesventer/OneDrive - Macquarie University/Uni Work/2019 S2/COMP332/Assignment 3/comp332_a3/src/main/scala/Translator.scala
WARN  no build target: /Users/hannesventer/OneDrive - Macquarie University/Uni Work/2019 S2/COMP332/Assignment 3/comp332_a3/src/test/scala/ExecTests.scala
INFO  no build target: using presentation compiler with only scala-library
WARN  no build target: /Users/hannesventer/OneDrive - Macquarie University/Uni Work/2019 S2/COMP332/Assignment 3/comp332_a3/src/main/scala/Translator.scala
WARN  no build target: /Users/hannesventer/OneDrive - Macquarie University/Uni Work/2019 S2/COMP332/Assignment 3/comp332_a3/src/main/scala/Translator.scala
WARN  no build target: /Users/hannesventer/OneDrive - Macquarie University/Uni Work/2019 S2/COMP332/Assignment 3/comp332_a3/src/main/scala/Translator.scala
WARN  no build target: /Users/hannesventer/OneDrive - Macquarie University/Uni Work/2019 S2/COMP332/Assignment 3/comp332_a3/src/main/scala/Translator.scala
WARN  no build target: /Users/hannesventer/OneDrive - Macquarie University/Uni Work/2019 S2/COMP332/Assignment 3/comp332_a3/src/main/scala/SECDTree.scala
Nov 08, 2019 7:56:01 PM scala.meta.internal.pc.CompletionProvider expected$1
WARNING: String index out of range: -1
WARN  no build target: /Users/hannesventer/OneDrive - Macquarie University/Uni Work/2019 S2/COMP332/Assignment 3/comp332_a3/src/main/scala/Translator.scala
WARN  code navigation does not work for the file '/Users/hannesventer/OneDrive - Macquarie University/Uni Work/2019 S2/COMP332/Assignment 3/comp332_a3/src/main/scala/Translator.scala' because it doesn't belong to a build target.
WARN  code navigation does not work for the file '/Users/hannesventer/OneDrive - Macquarie University/Uni Work/2019 S2/COMP332/Assignment 3/comp332_a3/src/main/scala/Translator.scala' because it doesn't belong to a build target.
WARN  no build target: /Users/hannesventer/OneDrive - Macquarie University/Uni Work/2019 S2/COMP332/Assignment 3/comp332_a3/src/main/scala/Translator.scala
WARN  no build target: /Users/hannesventer/OneDrive - Macquarie University/Uni Work/2019 S2/COMP332/Assignment 3/comp332_a3/src/main/scala/Translator.scala
WARN  code navigation does not work for the file '/Users/hannesventer/OneDrive - Macquarie University/Uni Work/2019 S2/COMP332/Assignment 3/comp332_a3/src/main/scala/Translator.scala' because it doesn't belong to a build target.
WARN  code navigation does not work for the file '/Users/hannesventer/OneDrive - Macquarie University/Uni Work/2019 S2/COMP332/Assignment 3/comp332_a3/src/main/scala/Translator.scala' because it doesn't belong to a build target.
WARN  no build target: /Users/hannesventer/OneDrive - Macquarie University/Uni Work/2019 S2/COMP332/Assignment 3/comp332_a3/src/main/scala/Translator.scala
WARN  no build target: /Users/hannesventer/OneDrive - Macquarie University/Uni Work/2019 S2/COMP332/Assignment 3/comp332_a3/src/main/scala/Translator.scala
Nov 08, 2019 8:00:07 PM scala.meta.internal.pc.CompilerAccess handleError
SEVERE: null
java.lang.NullPointerException
	at scala.meta.internal.pc.HoverProvider.seenFromType(HoverProvider.scala:106)
	at scala.meta.internal.pc.HoverProvider.hover(HoverProvider.scala:42)

WARN  no build target: /Users/hannesventer/OneDrive - Macquarie University/Uni Work/2019 S2/COMP332/Assignment 3/comp332_a3/src/main/scala/Translator.scala
WARN  no build target: /Users/hannesventer/OneDrive - Macquarie University/Uni Work/2019 S2/COMP332/Assignment 3/comp332_a3/src/main/scala/Translator.scala
WARN  no build target: /Users/hannesventer/OneDrive - Macquarie University/Uni Work/2019 S2/COMP332/Assignment 3/comp332_a3/src/main/scala/Translator.scala
WARN  no build target: /Users/hannesventer/OneDrive - Macquarie University/Uni Work/2019 S2/COMP332/Assignment 3/comp332_a3/src/main/scala/Translator.scala
WARN  no build target: /Users/hannesventer/OneDrive - Macquarie University/Uni Work/2019 S2/COMP332/Assignment 3/comp332_a3/src/main/scala/Translator.scala
WARN  no build target: /Users/hannesventer/OneDrive - Macquarie University/Uni Work/2019 S2/COMP332/Assignment 3/comp332_a3/src/main/scala/Translator.scala
WARN  no build target: /Users/hannesventer/OneDrive - Macquarie University/Uni Work/2019 S2/COMP332/Assignment 3/comp332_a3/src/main/scala/Translator.scala
WARN  no build target: /Users/hannesventer/OneDrive - Macquarie University/Uni Work/2019 S2/COMP332/Assignment 3/comp332_a3/src/main/scala/Translator.scala
INFO  shutting down Metals
INFO  time: initialize in 0.44s
INFO  skipping build import with status 'Requested'
WARN  no build target: /Users/hannesventer/OneDrive - Macquarie University/Uni Work/2019 S2/COMP332/Assignment 3/comp332_a3/src/main/scala/Translator.scala
WARN  no build target: /Users/hannesventer/OneDrive - Macquarie University/Uni Work/2019 S2/COMP332/Assignment 3/comp332_a3/src/main/scala/SECDTree.scala
INFO  no build target: using presentation compiler with only scala-library
WARN  no build target: /Users/hannesventer/OneDrive - Macquarie University/Uni Work/2019 S2/COMP332/Assignment 3/comp332_a3/src/main/scala/Translator.scala
WARN  no build target: /Users/hannesventer/OneDrive - Macquarie University/Uni Work/2019 S2/COMP332/Assignment 3/comp332_a3/src/main/scala/Translator.scala
WARN  no build target: /Users/hannesventer/OneDrive - Macquarie University/Uni Work/2019 S2/COMP332/Assignment 3/comp332_a3/src/main/scala/Translator.scala
WARN  no build target: /Users/hannesventer/OneDrive - Macquarie University/Uni Work/2019 S2/COMP332/Assignment 3/comp332_a3/src/main/scala/LintillaTree.scala
something's wrong: no file:///Users/hannesventer/OneDrive%20-%20Macquarie%20University/Uni%20Work/2019%20S2/COMP332/Assignment%203/comp332_a3/src/main/scala/LintillaTree.scala in Option[lintilla.LintillaTree.Expression]RangePosition(file:///Users/hannesventer/OneDrive%20-%20Macquarie%20University/Uni%20Work/2019%20S2/COMP332/Assignment%203/comp332_a3/src/main/scala/LintillaTree.scala, 2420, 2420, 2438)
something's wrong: no file:///Users/hannesventer/OneDrive%20-%20Macquarie%20University/Uni%20Work/2019%20S2/COMP332/Assignment%203/comp332_a3/src/main/scala/LintillaTree.scala in Option[lintilla.LintillaTree.Expression]RangePosition(file:///Users/hannesventer/OneDrive%20-%20Macquarie%20University/Uni%20Work/2019%20S2/COMP332/Assignment%203/comp332_a3/src/main/scala/LintillaTree.scala, 2420, 2420, 2438)
something's wrong: no file:///Users/hannesventer/OneDrive%20-%20Macquarie%20University/Uni%20Work/2019%20S2/COMP332/Assignment%203/comp332_a3/src/main/scala/LintillaTree.scala in Option[lintilla.LintillaTree.Expression]RangePosition(file:///Users/hannesventer/OneDrive%20-%20Macquarie%20University/Uni%20Work/2019%20S2/COMP332/Assignment%203/comp332_a3/src/main/scala/LintillaTree.scala, 2420, 2420, 2438)
WARN  no build target: /Users/hannesventer/OneDrive - Macquarie University/Uni Work/2019 S2/COMP332/Assignment 3/comp332_a3/src/main/scala/Translator.scala
WARN  no build target: /Users/hannesventer/OneDrive - Macquarie University/Uni Work/2019 S2/COMP332/Assignment 3/comp332_a3/src/main/scala/Translator.scala
WARN  no build target: /Users/hannesventer/OneDrive - Macquarie University/Uni Work/2019 S2/COMP332/Assignment 3/comp332_a3/src/test/scala/ExecTests.scala
WARN  no build target: /Users/hannesventer/OneDrive - Macquarie University/Uni Work/2019 S2/COMP332/Assignment 3/comp332_a3/src/main/scala/Translator.scala
WARN  no build target: /Users/hannesventer/OneDrive - Macquarie University/Uni Work/2019 S2/COMP332/Assignment 3/comp332_a3/src/main/scala/Translator.scala
WARN  code navigation does not work for the file '/Users/hannesventer/OneDrive - Macquarie University/Uni Work/2019 S2/COMP332/Assignment 3/comp332_a3/src/main/scala/Translator.scala' because it doesn't belong to a build target.
WARN  code navigation does not work for the file '/Users/hannesventer/OneDrive - Macquarie University/Uni Work/2019 S2/COMP332/Assignment 3/comp332_a3/src/main/scala/Translator.scala' because it doesn't belong to a build target.
WARN  no build target: /Users/hannesventer/OneDrive - Macquarie University/Uni Work/2019 S2/COMP332/Assignment 3/comp332_a3/src/main/scala/Translator.scala
WARN  code navigation does not work for the file '/Users/hannesventer/OneDrive - Macquarie University/Uni Work/2019 S2/COMP332/Assignment 3/comp332_a3/src/main/scala/Translator.scala' because it doesn't belong to a build target.
WARN  code navigation does not work for the file '/Users/hannesventer/OneDrive - Macquarie University/Uni Work/2019 S2/COMP332/Assignment 3/comp332_a3/src/main/scala/Translator.scala' because it doesn't belong to a build target.
WARN  no build target: /Users/hannesventer/OneDrive - Macquarie University/Uni Work/2019 S2/COMP332/Assignment 3/comp332_a3/src/main/scala/Translator.scala
Nov 08, 2019 9:29:39 PM org.eclipse.lsp4j.jsonrpc.RemoteEndpoint handleCancellation
WARNING: Unmatched cancel notification for request id 731
WARN  no build target: /Users/hannesventer/OneDrive - Macquarie University/Uni Work/2019 S2/COMP332/Assignment 3/comp332_a3/src/main/scala/Translator.scala
INFO  shutting down Metals
